#-----------------------------------------------------------
# xsim v2022.2 (64-bit)
# SW Build 3671981 on Fri Oct 14 04:59:54 MDT 2022
# IP Build 3669848 on Fri Oct 14 08:30:02 MDT 2022
# Start of session at: Fri Dec 13 12:37:45 2024
# Process ID: 31572
# Current directory: /mnt/data2/lab_fpga/Student5/wide_vadd2/Emulation-HW/.run/31415/hw_em/device0/binary_0/behav_waveform/xsim
# Command line: xsim -log simulate.log -mode tcl -source {xsim.dir/pfm_top_wrapper_behav/xsim_script.tcl}
# Log file: /mnt/data2/lab_fpga/Student5/wide_vadd2/Emulation-HW/.run/31415/hw_em/device0/binary_0/behav_waveform/xsim/simulate.log
# Journal file: /mnt/data2/lab_fpga/Student5/wide_vadd2/Emulation-HW/.run/31415/hw_em/device0/binary_0/behav_waveform/xsim/xsim.jou
# Running On: alveo-PowerEdge-R730, OS: Linux, CPU Frequency: 2299.875 MHz, CPU Physical cores: 8, Host memory: 84256 MB
#-----------------------------------------------------------
source xsim.dir/pfm_top_wrapper_behav/xsim_script.tcl
# xsim {pfm_top_wrapper_behav} -wdb {xilinx_u200_gen3x16_xdma_2_202110_1-0-binary_container_1.wdb} -autoloadwcfg -tclbatch {pfm_top_wrapper.tcl} -key {Behavioral:sim_1:Functional:pfm_top_wrapper} -protoinst {protoinst_files/bd_f615.protoinst} -protoinst {protoinst_files/bd_27a1.protoinst} -protoinst {protoinst_files/bd_e7f0.protoinst} -protoinst {protoinst_files/bd_2b97.protoinst} -protoinst {protoinst_files/bd_065e.protoinst} -protoinst {protoinst_files/bd_5607.protoinst} -protoinst {protoinst_files/bd_d216.protoinst} -protoinst {protoinst_files/pfm_dynamic.protoinst} -protoinst {protoinst_files/bd_448f.protoinst} -protoinst {protoinst_files/bd_387c.protoinst} -protoinst {protoinst_files/pfm_top.protoinst} -protoinst {./dr_behav.protoinst}

Warning: (W505) object already exists: .pfm_top_wrapper.pfm_top_i.pfm_dynamic_inst.System_DPA.dpa_hub.inst.s_aximm_wr_util. Latter declaration will be renamed to .pfm_top_wrapper.pfm_top_i.pfm_dynamic_inst.System_DPA.dpa_hub.inst.s_aximm_wr_util_0
In file: sc_object_manager.cpp:161

Warning: (W505) object already exists: .pfm_top_wrapper.pfm_top_i.pfm_dynamic_inst.System_DPA.dpa_mon0.inst.rd_mon.rd_skt. Latter declaration will be renamed to .pfm_top_wrapper.pfm_top_i.pfm_dynamic_inst.System_DPA.dpa_mon0.inst.rd_mon.rd_skt_0
In file: sc_object_manager.cpp:161

Warning: (W505) object already exists: .pfm_top_wrapper.pfm_top_i.pfm_dynamic_inst.System_DPA.dpa_mon0.inst.rd_mon.wr_skt. Latter declaration will be renamed to .pfm_top_wrapper.pfm_top_i.pfm_dynamic_inst.System_DPA.dpa_mon0.inst.rd_mon.wr_skt_0
In file: sc_object_manager.cpp:161
WARNING::[ XTLM::751 ] Deprecated.! Please instantiate Memory Manager with this pointer (sc_module pointer).

Info: (I804) /IEEE_Std_1666/deprecated: sc_sensitive_neg is deprecated use sc_sensitive << with neg() instead

Warning: (W505) object already exists: .pfm_top_wrapper.pfm_top_i.pfm_dynamic_inst.System_DPA.dpa_mon1.inst.rd_mon.rd_skt_0. Latter declaration will be renamed to .pfm_top_wrapper.pfm_top_i.pfm_dynamic_inst.System_DPA.dpa_mon1.inst.rd_mon.rd_skt_0_0
In file: sc_object_manager.cpp:161
WARNING::[ XTLM::751 ] Deprecated.! Please instantiate Memory Manager with this pointer (sc_module pointer).

Warning: (W505) object already exists: .pfm_top_wrapper.pfm_top_i.pfm_dynamic_inst.System_DPA.dpa_mon1.inst.wr_mon.wr_skt_0. Latter declaration will be renamed to .pfm_top_wrapper.pfm_top_i.pfm_dynamic_inst.System_DPA.dpa_mon1.inst.wr_mon.wr_skt_0_0
In file: sc_object_manager.cpp:161
WARNING::[ XTLM::751 ] Deprecated.! Please instantiate Memory Manager with this pointer (sc_module pointer).

Warning: (W505) object already exists: .pfm_top_wrapper.pfm_top_i.pfm_dynamic_inst.System_DPA.dpa_mon1.inst.mon_saxi_rd_socket_0. Latter declaration will be renamed to .pfm_top_wrapper.pfm_top_i.pfm_dynamic_inst.System_DPA.dpa_mon1.inst.mon_saxi_rd_socket_0_0
In file: sc_object_manager.cpp:161

Warning: (W505) object already exists: .pfm_top_wrapper.pfm_top_i.pfm_dynamic_inst.System_DPA.dpa_mon1.inst.mon_saxi_wr_socket_0. Latter declaration will be renamed to .pfm_top_wrapper.pfm_top_i.pfm_dynamic_inst.System_DPA.dpa_mon1.inst.mon_saxi_wr_socket_0_0
In file: sc_object_manager.cpp:161

Warning: (W505) object already exists: .pfm_top_wrapper.pfm_top_i.pfm_dynamic_inst.System_DPA.dpa_mon2.inst.rd_mon.rd_skt_0. Latter declaration will be renamed to .pfm_top_wrapper.pfm_top_i.pfm_dynamic_inst.System_DPA.dpa_mon2.inst.rd_mon.rd_skt_0_0
In file: sc_object_manager.cpp:161
WARNING::[ XTLM::751 ] Deprecated.! Please instantiate Memory Manager with this pointer (sc_module pointer).

Warning: (W505) object already exists: .pfm_top_wrapper.pfm_top_i.pfm_dynamic_inst.System_DPA.dpa_mon2.inst.wr_mon.wr_skt_0. Latter declaration will be renamed to .pfm_top_wrapper.pfm_top_i.pfm_dynamic_inst.System_DPA.dpa_mon2.inst.wr_mon.wr_skt_0_0
In file: sc_object_manager.cpp:161
WARNING::[ XTLM::751 ] Deprecated.! Please instantiate Memory Manager with this pointer (sc_module pointer).

Warning: (W505) object already exists: .pfm_top_wrapper.pfm_top_i.pfm_dynamic_inst.System_DPA.dpa_mon2.inst.mon_saxi_rd_socket_0. Latter declaration will be renamed to .pfm_top_wrapper.pfm_top_i.pfm_dynamic_inst.System_DPA.dpa_mon2.inst.mon_saxi_rd_socket_0_0
In file: sc_object_manager.cpp:161

Warning: (W505) object already exists: .pfm_top_wrapper.pfm_top_i.pfm_dynamic_inst.System_DPA.dpa_mon2.inst.mon_saxi_wr_socket_0. Latter declaration will be renamed to .pfm_top_wrapper.pfm_top_i.pfm_dynamic_inst.System_DPA.dpa_mon2.inst.mon_saxi_wr_socket_0_0
In file: sc_object_manager.cpp:161

Warning: (W505) object already exists: .pfm_top_wrapper.pfm_top_i.pfm_dynamic_inst.System_DPA.dpa_mon3.inst.rd_mon.rd_skt_0. Latter declaration will be renamed to .pfm_top_wrapper.pfm_top_i.pfm_dynamic_inst.System_DPA.dpa_mon3.inst.rd_mon.rd_skt_0_0
In file: sc_object_manager.cpp:161
WARNING::[ XTLM::751 ] Deprecated.! Please instantiate Memory Manager with this pointer (sc_module pointer).

Warning: (W505) object already exists: .pfm_top_wrapper.pfm_top_i.pfm_dynamic_inst.System_DPA.dpa_mon3.inst.wr_mon.wr_skt_0. Latter declaration will be renamed to .pfm_top_wrapper.pfm_top_i.pfm_dynamic_inst.System_DPA.dpa_mon3.inst.wr_mon.wr_skt_0_0
In file: sc_object_manager.cpp:161
WARNING::[ XTLM::751 ] Deprecated.! Please instantiate Memory Manager with this pointer (sc_module pointer).

Warning: (W505) object already exists: .pfm_top_wrapper.pfm_top_i.pfm_dynamic_inst.System_DPA.dpa_mon3.inst.mon_saxi_rd_socket_0. Latter declaration will be renamed to .pfm_top_wrapper.pfm_top_i.pfm_dynamic_inst.System_DPA.dpa_mon3.inst.mon_saxi_rd_socket_0_0
In file: sc_object_manager.cpp:161

Warning: (W505) object already exists: .pfm_top_wrapper.pfm_top_i.pfm_dynamic_inst.System_DPA.dpa_mon3.inst.mon_saxi_wr_socket_0. Latter declaration will be renamed to .pfm_top_wrapper.pfm_top_i.pfm_dynamic_inst.System_DPA.dpa_mon3.inst.mon_saxi_wr_socket_0_0
In file: sc_object_manager.cpp:161
WARNING::[ XTLM::751 ] Deprecated.! Please instantiate Memory Manager with this pointer (sc_module pointer).
WARNING::[ XTLM::751 ] Deprecated.! Please instantiate Memory Manager with this pointer (sc_module pointer).
WARNING::[ XTLM::751 ] Deprecated.! Please instantiate Memory Manager with this pointer (sc_module pointer).
WARNING::[ XTLM::751 ] Deprecated.! Please instantiate Memory Manager with this pointer (sc_module pointer).
WARNING::[ XTLM::751 ] Deprecated.! Please instantiate Memory Manager with this pointer (sc_module pointer).
WARNING::[ XTLM::751 ] Deprecated.! Please instantiate Memory Manager with this pointer (sc_module pointer).

Warning: (W570) attempt to use an empty process handle ignored: dont_initialize()
In file: sc_process_handle.h:290
WARNING::[ XTLM::751 ] Deprecated.! Please instantiate Memory Manager with this pointer (sc_module pointer).

Info: (I804) /IEEE_Std_1666/deprecated: sc_sensitive_pos is deprecated use sc_sensitive << with pos() instead

Info: (I804) /IEEE_Std_1666/deprecated: sc_object::get_parent() is deprecated, use get_parent_object() instead
INFO: [Wavedata 42-565] Reading protoinst file protoinst_files/bd_f615.protoinst
WARNING: [Wavedata 42-558] Couldn't load one or more protocol instances from protoinst file protoinst_files/bd_f615.protoinst for the following reason(s):
There are no instances of module "bd_f615" in the design.

INFO: [Wavedata 42-565] Reading protoinst file protoinst_files/bd_27a1.protoinst
WARNING: [Wavedata 42-558] Couldn't load one or more protocol instances from protoinst file protoinst_files/bd_27a1.protoinst for the following reason(s):
There are no instances of module "bd_27a1" in the design.

INFO: [Wavedata 42-565] Reading protoinst file protoinst_files/bd_e7f0.protoinst
WARNING: [Wavedata 42-558] Couldn't load one or more protocol instances from protoinst file protoinst_files/bd_e7f0.protoinst for the following reason(s):
There are no instances of module "bd_e7f0" in the design.

INFO: [Wavedata 42-565] Reading protoinst file protoinst_files/bd_2b97.protoinst
WARNING: [Wavedata 42-558] Couldn't load one or more protocol instances from protoinst file protoinst_files/bd_2b97.protoinst for the following reason(s):
There are no instances of module "bd_2b97" in the design.

INFO: [Wavedata 42-565] Reading protoinst file protoinst_files/bd_065e.protoinst
WARNING: [Wavedata 42-558] Couldn't load one or more protocol instances from protoinst file protoinst_files/bd_065e.protoinst for the following reason(s):
There are no instances of module "bd_065e" in the design.

INFO: [Wavedata 42-565] Reading protoinst file protoinst_files/bd_5607.protoinst
WARNING: [Wavedata 42-558] Couldn't load one or more protocol instances from protoinst file protoinst_files/bd_5607.protoinst for the following reason(s):
There are no instances of module "bd_5607" in the design.

INFO: [Wavedata 42-565] Reading protoinst file protoinst_files/bd_d216.protoinst
INFO: [Wavedata 42-564]   Found protocol instance at /pfm_top_wrapper/pfm_top_i/pfm_dynamic_inst/memory_subsystem/inst//interconnect/M00_AXI
INFO: [Wavedata 42-564]   Found protocol instance at /pfm_top_wrapper/pfm_top_i/pfm_dynamic_inst/memory_subsystem/inst//interconnect/M00_AXI1
INFO: [Wavedata 42-564]   Found protocol instance at /pfm_top_wrapper/pfm_top_i/pfm_dynamic_inst/memory_subsystem/inst//interconnect/M00_AXI2
INFO: [Wavedata 42-564]   Found protocol instance at /pfm_top_wrapper/pfm_top_i/pfm_dynamic_inst/memory_subsystem/inst//interconnect/S00_AXI
INFO: [Wavedata 42-564]   Found protocol instance at /pfm_top_wrapper/pfm_top_i/pfm_dynamic_inst/memory_subsystem/inst//interconnect/S01_AXI
INFO: [Wavedata 42-564]   Found protocol instance at /pfm_top_wrapper/pfm_top_i/pfm_dynamic_inst/memory_subsystem/inst//interconnect/S02_AXI
INFO: [Wavedata 42-564]   Found protocol instance at /pfm_top_wrapper/pfm_top_i/pfm_dynamic_inst/memory_subsystem/inst//interconnect/S04_AXI
INFO: [Wavedata 42-564]   Found protocol instance at /pfm_top_wrapper/pfm_top_i/pfm_dynamic_inst/memory_subsystem/inst//interconnect/S05_AXI
INFO: [Wavedata 42-564]   Found protocol instance at /pfm_top_wrapper/pfm_top_i/pfm_dynamic_inst/memory_subsystem/inst//interconnect/S06_AXI
INFO: [Wavedata 42-564]   Found protocol instance at /pfm_top_wrapper/pfm_top_i/pfm_dynamic_inst/memory_subsystem/inst//interconnect/interconnect_ddr4_mem00/M00_AXI
INFO: [Wavedata 42-564]   Found protocol instance at /pfm_top_wrapper/pfm_top_i/pfm_dynamic_inst/memory_subsystem/inst//interconnect/interconnect_ddr4_mem00/S00_AXI
INFO: [Wavedata 42-564]   Found protocol instance at /pfm_top_wrapper/pfm_top_i/pfm_dynamic_inst/memory_subsystem/inst//interconnect/interconnect_ddr4_mem00/S01_AXI
INFO: [Wavedata 42-564]   Found protocol instance at /pfm_top_wrapper/pfm_top_i/pfm_dynamic_inst/memory_subsystem/inst//interconnect/interconnect_ddr4_mem01/M00_AXI
INFO: [Wavedata 42-564]   Found protocol instance at /pfm_top_wrapper/pfm_top_i/pfm_dynamic_inst/memory_subsystem/inst//interconnect/interconnect_ddr4_mem01/S00_AXI
INFO: [Wavedata 42-564]   Found protocol instance at /pfm_top_wrapper/pfm_top_i/pfm_dynamic_inst/memory_subsystem/inst//interconnect/interconnect_ddr4_mem01/S01_AXI
INFO: [Wavedata 42-564]   Found protocol instance at /pfm_top_wrapper/pfm_top_i/pfm_dynamic_inst/memory_subsystem/inst//interconnect/interconnect_m00_axi_mem00/M00_AXI
INFO: [Wavedata 42-564]   Found protocol instance at /pfm_top_wrapper/pfm_top_i/pfm_dynamic_inst/memory_subsystem/inst//interconnect/interconnect_m00_axi_mem00/S00_AXI
INFO: [Wavedata 42-564]   Found protocol instance at /pfm_top_wrapper/pfm_top_i/pfm_dynamic_inst/memory_subsystem/inst//interconnect/interconnect_m00_axi_mem00/S01_AXI
INFO: [Wavedata 42-564]   Found protocol instance at /pfm_top_wrapper/pfm_top_i/pfm_dynamic_inst/memory_subsystem/inst//interconnect/rs_m00_axi/M_AXI
INFO: [Wavedata 42-564]   Found protocol instance at /pfm_top_wrapper/pfm_top_i/pfm_dynamic_inst/memory_subsystem/inst//interconnect/rs_m00_axi/S_AXI
INFO: [Wavedata 42-564]   Found protocol instance at /pfm_top_wrapper/pfm_top_i/pfm_dynamic_inst/memory_subsystem/inst//memory/C0_DDR4_S_AXI
INFO: [Wavedata 42-564]   Found protocol instance at /pfm_top_wrapper/pfm_top_i/pfm_dynamic_inst/memory_subsystem/inst//memory/C0_DDR4_S_AXI1
INFO: [Wavedata 42-564]   Found protocol instance at /pfm_top_wrapper/pfm_top_i/pfm_dynamic_inst/memory_subsystem/inst//memory/S_AXI_CTRL
INFO: [Wavedata 42-564]   Found protocol instance at /pfm_top_wrapper/pfm_top_i/pfm_dynamic_inst/memory_subsystem/inst//memory/ddr4_mem00/C0_DDR4_S_AXI
INFO: [Wavedata 42-564]   Found protocol instance at /pfm_top_wrapper/pfm_top_i/pfm_dynamic_inst/memory_subsystem/inst//memory/ddr4_mem00/C0_DDR4_S_AXI_CTRL
INFO: [Wavedata 42-564]   Found protocol instance at /pfm_top_wrapper/pfm_top_i/pfm_dynamic_inst/memory_subsystem/inst//memory/ddr4_mem00_ctrl_cc/M_AXI
INFO: [Wavedata 42-564]   Found protocol instance at /pfm_top_wrapper/pfm_top_i/pfm_dynamic_inst/memory_subsystem/inst//memory/ddr4_mem00_ctrl_cc/S_AXI
INFO: [Wavedata 42-564]   Found protocol instance at /pfm_top_wrapper/pfm_top_i/pfm_dynamic_inst/memory_subsystem/inst//memory/ddr4_mem01/C0_DDR4_S_AXI
INFO: [Wavedata 42-564]   Found protocol instance at /pfm_top_wrapper/pfm_top_i/pfm_dynamic_inst/memory_subsystem/inst//memory/ddr4_mem01/C0_DDR4_S_AXI_CTRL
INFO: [Wavedata 42-564]   Found protocol instance at /pfm_top_wrapper/pfm_top_i/pfm_dynamic_inst/memory_subsystem/inst//memory/ddr4_mem01_ctrl_cc/M_AXI
INFO: [Wavedata 42-564]   Found protocol instance at /pfm_top_wrapper/pfm_top_i/pfm_dynamic_inst/memory_subsystem/inst//memory/ddr4_mem01_ctrl_cc/S_AXI
INFO: [Wavedata 42-564]   Found protocol instance at /pfm_top_wrapper/pfm_top_i/pfm_dynamic_inst/memory_subsystem/inst//memory/interconnect_ddrmem_ctrl/M00_AXI
INFO: [Wavedata 42-564]   Found protocol instance at /pfm_top_wrapper/pfm_top_i/pfm_dynamic_inst/memory_subsystem/inst//memory/interconnect_ddrmem_ctrl/M01_AXI
INFO: [Wavedata 42-564]   Found protocol instance at /pfm_top_wrapper/pfm_top_i/pfm_dynamic_inst/memory_subsystem/inst//memory/interconnect_ddrmem_ctrl/S00_AXI
INFO: [Wavedata 42-565] Reading protoinst file protoinst_files/pfm_dynamic.protoinst
INFO: [Wavedata 42-564]   Found protocol instance at /pfm_top_wrapper/pfm_top_i/pfm_dynamic_inst//System_DPA/S00_AXI
INFO: [Wavedata 42-564]   Found protocol instance at /pfm_top_wrapper/pfm_top_i/pfm_dynamic_inst//System_DPA/S_AXIMM
INFO: [Wavedata 42-564]   Found protocol instance at /pfm_top_wrapper/pfm_top_i/pfm_dynamic_inst//System_DPA/dpa_ctrl_interconnect/M00_AXI
INFO: [Wavedata 42-564]   Found protocol instance at /pfm_top_wrapper/pfm_top_i/pfm_dynamic_inst//System_DPA/dpa_ctrl_interconnect/M01_AXI
INFO: [Wavedata 42-564]   Found protocol instance at /pfm_top_wrapper/pfm_top_i/pfm_dynamic_inst//System_DPA/dpa_ctrl_interconnect/M02_AXI
INFO: [Wavedata 42-564]   Found protocol instance at /pfm_top_wrapper/pfm_top_i/pfm_dynamic_inst//System_DPA/dpa_ctrl_interconnect/M03_AXI
INFO: [Wavedata 42-564]   Found protocol instance at /pfm_top_wrapper/pfm_top_i/pfm_dynamic_inst//System_DPA/dpa_ctrl_interconnect/M04_AXI
INFO: [Wavedata 42-564]   Found protocol instance at /pfm_top_wrapper/pfm_top_i/pfm_dynamic_inst//System_DPA/dpa_ctrl_interconnect/M05_AXI
INFO: [Wavedata 42-564]   Found protocol instance at /pfm_top_wrapper/pfm_top_i/pfm_dynamic_inst//System_DPA/dpa_ctrl_interconnect/S00_AXI
INFO: [Wavedata 42-564]   Found protocol instance at /pfm_top_wrapper/pfm_top_i/pfm_dynamic_inst//System_DPA/dpa_ctrl_interconnect/m00_couplers/M_AXI
INFO: [Wavedata 42-564]   Found protocol instance at /pfm_top_wrapper/pfm_top_i/pfm_dynamic_inst//System_DPA/dpa_ctrl_interconnect/m00_couplers/S_AXI
INFO: [Wavedata 42-564]   Found protocol instance at /pfm_top_wrapper/pfm_top_i/pfm_dynamic_inst//System_DPA/dpa_ctrl_interconnect/m00_couplers/auto_cc/M_AXI
INFO: [Wavedata 42-564]   Found protocol instance at /pfm_top_wrapper/pfm_top_i/pfm_dynamic_inst//System_DPA/dpa_ctrl_interconnect/m00_couplers/auto_cc/S_AXI
INFO: [Wavedata 42-564]   Found protocol instance at /pfm_top_wrapper/pfm_top_i/pfm_dynamic_inst//System_DPA/dpa_ctrl_interconnect/m00_couplers/m00_regslice/M_AXI
INFO: [Wavedata 42-564]   Found protocol instance at /pfm_top_wrapper/pfm_top_i/pfm_dynamic_inst//System_DPA/dpa_ctrl_interconnect/m00_couplers/m00_regslice/S_AXI
INFO: [Wavedata 42-564]   Found protocol instance at /pfm_top_wrapper/pfm_top_i/pfm_dynamic_inst//System_DPA/dpa_ctrl_interconnect/m01_couplers/M_AXI
INFO: [Wavedata 42-564]   Found protocol instance at /pfm_top_wrapper/pfm_top_i/pfm_dynamic_inst//System_DPA/dpa_ctrl_interconnect/m01_couplers/S_AXI
INFO: [Wavedata 42-564]   Found protocol instance at /pfm_top_wrapper/pfm_top_i/pfm_dynamic_inst//System_DPA/dpa_ctrl_interconnect/m01_couplers/auto_cc/M_AXI
INFO: [Wavedata 42-564]   Found protocol instance at /pfm_top_wrapper/pfm_top_i/pfm_dynamic_inst//System_DPA/dpa_ctrl_interconnect/m01_couplers/auto_cc/S_AXI
INFO: [Wavedata 42-564]   Found protocol instance at /pfm_top_wrapper/pfm_top_i/pfm_dynamic_inst//System_DPA/dpa_ctrl_interconnect/m01_couplers/m01_regslice/M_AXI
INFO: [Wavedata 42-564]   Found protocol instance at /pfm_top_wrapper/pfm_top_i/pfm_dynamic_inst//System_DPA/dpa_ctrl_interconnect/m01_couplers/m01_regslice/S_AXI
INFO: [Wavedata 42-564]   Found protocol instance at /pfm_top_wrapper/pfm_top_i/pfm_dynamic_inst//System_DPA/dpa_ctrl_interconnect/m02_couplers/M_AXI
INFO: [Wavedata 42-564]   Found protocol instance at /pfm_top_wrapper/pfm_top_i/pfm_dynamic_inst//System_DPA/dpa_ctrl_interconnect/m02_couplers/S_AXI
INFO: [Wavedata 42-564]   Found protocol instance at /pfm_top_wrapper/pfm_top_i/pfm_dynamic_inst//System_DPA/dpa_ctrl_interconnect/m02_couplers/auto_cc/M_AXI
INFO: [Wavedata 42-564]   Found protocol instance at /pfm_top_wrapper/pfm_top_i/pfm_dynamic_inst//System_DPA/dpa_ctrl_interconnect/m02_couplers/auto_cc/S_AXI
INFO: [Wavedata 42-564]   Found protocol instance at /pfm_top_wrapper/pfm_top_i/pfm_dynamic_inst//System_DPA/dpa_ctrl_interconnect/m02_couplers/m02_regslice/M_AXI
INFO: [Wavedata 42-564]   Found protocol instance at /pfm_top_wrapper/pfm_top_i/pfm_dynamic_inst//System_DPA/dpa_ctrl_interconnect/m02_couplers/m02_regslice/S_AXI
INFO: [Wavedata 42-564]   Found protocol instance at /pfm_top_wrapper/pfm_top_i/pfm_dynamic_inst//System_DPA/dpa_ctrl_interconnect/m03_couplers/M_AXI
INFO: [Wavedata 42-564]   Found protocol instance at /pfm_top_wrapper/pfm_top_i/pfm_dynamic_inst//System_DPA/dpa_ctrl_interconnect/m03_couplers/S_AXI
INFO: [Wavedata 42-564]   Found protocol instance at /pfm_top_wrapper/pfm_top_i/pfm_dynamic_inst//System_DPA/dpa_ctrl_interconnect/m03_couplers/auto_cc/M_AXI
INFO: [Wavedata 42-564]   Found protocol instance at /pfm_top_wrapper/pfm_top_i/pfm_dynamic_inst//System_DPA/dpa_ctrl_interconnect/m03_couplers/auto_cc/S_AXI
INFO: [Wavedata 42-564]   Found protocol instance at /pfm_top_wrapper/pfm_top_i/pfm_dynamic_inst//System_DPA/dpa_ctrl_interconnect/m03_couplers/m03_regslice/M_AXI
INFO: [Wavedata 42-564]   Found protocol instance at /pfm_top_wrapper/pfm_top_i/pfm_dynamic_inst//System_DPA/dpa_ctrl_interconnect/m03_couplers/m03_regslice/S_AXI
INFO: [Wavedata 42-564]   Found protocol instance at /pfm_top_wrapper/pfm_top_i/pfm_dynamic_inst//System_DPA/dpa_ctrl_interconnect/m04_couplers/M_AXI
INFO: [Wavedata 42-564]   Found protocol instance at /pfm_top_wrapper/pfm_top_i/pfm_dynamic_inst//System_DPA/dpa_ctrl_interconnect/m04_couplers/S_AXI
INFO: [Wavedata 42-564]   Found protocol instance at /pfm_top_wrapper/pfm_top_i/pfm_dynamic_inst//System_DPA/dpa_ctrl_interconnect/m04_couplers/auto_cc/M_AXI
INFO: [Wavedata 42-564]   Found protocol instance at /pfm_top_wrapper/pfm_top_i/pfm_dynamic_inst//System_DPA/dpa_ctrl_interconnect/m04_couplers/auto_cc/S_AXI
INFO: [Wavedata 42-564]   Found protocol instance at /pfm_top_wrapper/pfm_top_i/pfm_dynamic_inst//System_DPA/dpa_ctrl_interconnect/m04_couplers/m04_regslice/M_AXI
INFO: [Wavedata 42-564]   Found protocol instance at /pfm_top_wrapper/pfm_top_i/pfm_dynamic_inst//System_DPA/dpa_ctrl_interconnect/m04_couplers/m04_regslice/S_AXI
INFO: [Wavedata 42-564]   Found protocol instance at /pfm_top_wrapper/pfm_top_i/pfm_dynamic_inst//System_DPA/dpa_ctrl_interconnect/m05_couplers/M_AXI
INFO: [Wavedata 42-564]   Found protocol instance at /pfm_top_wrapper/pfm_top_i/pfm_dynamic_inst//System_DPA/dpa_ctrl_interconnect/m05_couplers/S_AXI
INFO: [Wavedata 42-564]   Found protocol instance at /pfm_top_wrapper/pfm_top_i/pfm_dynamic_inst//System_DPA/dpa_ctrl_interconnect/m05_couplers/auto_cc/M_AXI
INFO: [Wavedata 42-564]   Found protocol instance at /pfm_top_wrapper/pfm_top_i/pfm_dynamic_inst//System_DPA/dpa_ctrl_interconnect/m05_couplers/auto_cc/S_AXI
INFO: [Wavedata 42-564]   Found protocol instance at /pfm_top_wrapper/pfm_top_i/pfm_dynamic_inst//System_DPA/dpa_ctrl_interconnect/m05_couplers/m05_regslice/M_AXI
INFO: [Wavedata 42-564]   Found protocol instance at /pfm_top_wrapper/pfm_top_i/pfm_dynamic_inst//System_DPA/dpa_ctrl_interconnect/m05_couplers/m05_regslice/S_AXI
INFO: [Wavedata 42-564]   Found protocol instance at /pfm_top_wrapper/pfm_top_i/pfm_dynamic_inst//System_DPA/dpa_ctrl_interconnect/s00_couplers/M_AXI
INFO: [Wavedata 42-564]   Found protocol instance at /pfm_top_wrapper/pfm_top_i/pfm_dynamic_inst//System_DPA/dpa_ctrl_interconnect/s00_couplers/S_AXI
INFO: [Wavedata 42-564]   Found protocol instance at /pfm_top_wrapper/pfm_top_i/pfm_dynamic_inst//System_DPA/dpa_ctrl_interconnect/s00_couplers/s00_regslice/M_AXI
INFO: [Wavedata 42-564]   Found protocol instance at /pfm_top_wrapper/pfm_top_i/pfm_dynamic_inst//System_DPA/dpa_ctrl_interconnect/s00_couplers/s00_regslice/S_AXI
INFO: [Wavedata 42-564]   Found protocol instance at /pfm_top_wrapper/pfm_top_i/pfm_dynamic_inst//System_DPA/dpa_ctrl_interconnect/xbar/M00_AXI
INFO: [Wavedata 42-564]   Found protocol instance at /pfm_top_wrapper/pfm_top_i/pfm_dynamic_inst//System_DPA/dpa_ctrl_interconnect/xbar/M01_AXI
INFO: [Wavedata 42-564]   Found protocol instance at /pfm_top_wrapper/pfm_top_i/pfm_dynamic_inst//System_DPA/dpa_ctrl_interconnect/xbar/M02_AXI
INFO: [Wavedata 42-564]   Found protocol instance at /pfm_top_wrapper/pfm_top_i/pfm_dynamic_inst//System_DPA/dpa_ctrl_interconnect/xbar/M03_AXI
INFO: [Wavedata 42-564]   Found protocol instance at /pfm_top_wrapper/pfm_top_i/pfm_dynamic_inst//System_DPA/dpa_ctrl_interconnect/xbar/M04_AXI
INFO: [Wavedata 42-564]   Found protocol instance at /pfm_top_wrapper/pfm_top_i/pfm_dynamic_inst//System_DPA/dpa_ctrl_interconnect/xbar/M05_AXI
INFO: [Wavedata 42-564]   Found protocol instance at /pfm_top_wrapper/pfm_top_i/pfm_dynamic_inst//System_DPA/dpa_ctrl_interconnect/xbar/S00_AXI
INFO: [Wavedata 42-564]   Found protocol instance at /pfm_top_wrapper/pfm_top_i/pfm_dynamic_inst//System_DPA/dpa_hub/S_AXIFIFO
INFO: [Wavedata 42-564]   Found protocol instance at /pfm_top_wrapper/pfm_top_i/pfm_dynamic_inst//System_DPA/dpa_hub/S_AXIHUB
INFO: [Wavedata 42-564]   Found protocol instance at /pfm_top_wrapper/pfm_top_i/pfm_dynamic_inst//System_DPA/dpa_hub/S_AXIMM
INFO: [Wavedata 42-564]   Found protocol instance at /pfm_top_wrapper/pfm_top_i/pfm_dynamic_inst//System_DPA/dpa_hub/TRACE_IN_0
INFO: [Wavedata 42-564]   Found protocol instance at /pfm_top_wrapper/pfm_top_i/pfm_dynamic_inst//System_DPA/dpa_hub/TRACE_IN_1
INFO: [Wavedata 42-564]   Found protocol instance at /pfm_top_wrapper/pfm_top_i/pfm_dynamic_inst//System_DPA/dpa_hub/TRACE_IN_2
INFO: [Wavedata 42-564]   Found protocol instance at /pfm_top_wrapper/pfm_top_i/pfm_dynamic_inst//System_DPA/dpa_hub/TRACE_IN_3
INFO: [Wavedata 42-564]   Found protocol instance at /pfm_top_wrapper/pfm_top_i/pfm_dynamic_inst//System_DPA/dpa_hub/TRACE_IN_4
INFO: [Wavedata 42-564]   Found protocol instance at /pfm_top_wrapper/pfm_top_i/pfm_dynamic_inst//System_DPA/dpa_hub/TRACE_IN_5
INFO: [Wavedata 42-564]   Found protocol instance at /pfm_top_wrapper/pfm_top_i/pfm_dynamic_inst//System_DPA/dpa_hub/TRACE_IN_6
INFO: [Common 17-14] Message 'Wavedata 42-564' appears 100 times and further instances of the messages will be disabled. Use the Tcl command set_msg_config to change the current settings.
INFO: [Wavedata 42-565] Reading protoinst file protoinst_files/bd_448f.protoinst
WARNING: [Wavedata 42-558] Couldn't load one or more protocol instances from protoinst file protoinst_files/bd_448f.protoinst for the following reason(s):
There are no instances of module "bd_448f" in the design.

INFO: [Wavedata 42-565] Reading protoinst file protoinst_files/bd_387c.protoinst
WARNING: [Wavedata 42-558] Couldn't load one or more protocol instances from protoinst file protoinst_files/bd_387c.protoinst for the following reason(s):
There are no instances of module "bd_387c" in the design.

INFO: [Wavedata 42-565] Reading protoinst file protoinst_files/pfm_top.protoinst
INFO: [Wavedata 42-565] Reading protoinst file ./dr_behav.protoinst
WARNING: [Wavedata 42-559] Protocol instance "/pfm_top_wrapper/pfm_top_i//pfm_dynamic_inst/PLP_M_AXI_DATA_C2H_00" was created but is non-functional for the following reason(s):
Port "AWID" must be a logic vector
Port "AWADDR" must be a logic vector
Port "AWLEN" must be a logic vector
Port "WDATA" must be a logic vector
Port "WSTRB" must be a logic vector
Port "BID" must be a logic vector
Port "ARID" must be a logic vector
Port "ARADDR" must be a logic vector
Port "ARLEN" must be a logic vector
Port "RID" must be a logic vector
Port "RDATA" must be a logic vector

WARNING: [Wavedata 42-559] Protocol instance "/pfm_top_wrapper/pfm_top_i//static_region/C0_DDR4_S_AXI_CTRL_0" was created but is non-functional for the following reason(s):
Required port "ACLK" is missing

WARNING: [Wavedata 42-559] Protocol instance "/pfm_top_wrapper/pfm_top_i//static_region/S_AXIMM" was created but is non-functional for the following reason(s):
Port "AWADDR" must be a logic vector
Port "AWLEN" must be a logic vector
Port "WDATA" must be a logic vector
Port "WSTRB" must be a logic vector
Port "ARADDR" must be a logic vector
Port "ARLEN" must be a logic vector
Port "RDATA" must be a logic vector

WARNING: [Wavedata 42-559] Protocol instance "/pfm_top_wrapper/pfm_top_i/pfm_dynamic_inst//memory_subsystem/M01_AXI" was created but is non-functional for the following reason(s):
Port "AWID" must be a logic vector
Port "AWADDR" must be a logic vector
Port "AWLEN" must be a logic vector
Port "WDATA" must be a logic vector
Port "WSTRB" must be a logic vector
Port "BID" must be a logic vector
Port "ARID" must be a logic vector
Port "ARADDR" must be a logic vector
Port "ARLEN" must be a logic vector
Port "RID" must be a logic vector
Port "RDATA" must be a logic vector

WARNING: [Wavedata 42-559] Protocol instance "/pfm_top_wrapper/pfm_top_i/pfm_dynamic_inst//memory_subsystem/S03_AXI" was created but is non-functional for the following reason(s):
Port "AWID" must be a logic vector
Port "AWADDR" must be a logic vector
Port "AWLEN" must be a logic vector
Port "WDATA" must be a logic vector
Port "WSTRB" must be a logic vector
Port "BID" must be a logic vector
Port "ARID" must be a logic vector
Port "ARADDR" must be a logic vector
Port "ARLEN" must be a logic vector
Port "RID" must be a logic vector
Port "RDATA" must be a logic vector

Time resolution is 1 ps
source pfm_top_wrapper.tcl
## set curr_wave [current_wave_config]
## if { [string length $curr_wave] == 0 } {
##   if { [llength [get_objects]] > 0} {
##     add_wave /
##     set_property needs_save false [current_wave_config]
##   } else {
##      send_msg_id Add_Wave-1 WARNING "No top level signals found. Simulator will start without a wave window. If you want to open a wave window go to 'File->New Waveform Configuration' or type 'create_wave_config' in the TCL console."
##   }
## }
## if { [file exists vitis_params.tcl] } {
##   source vitis_params.tcl
## }
## if { [info exists ::env(USER_PRE_SIM_SCRIPT)] } {
##   if { [catch {source $::env(USER_PRE_SIM_SCRIPT)} msg] } {
##     puts $msg
##   }
## }
## if { [info exists ::env(VITIS_WAVEFORM)] } {
##   if { [file exists $::env(VITIS_WAVEFORM)] == 1} {
##     open_wave_config $::env(VITIS_WAVEFORM)
##   }
## }
## if { [file exists pre_sim_tool_scripts.tcl] } {
##   source pre_sim_tool_scripts.tcl
## }
### if { [file exists preprocess_profile.tcl] } {
###   if { [catch {source -notrace preprocess_profile.tcl} msg] } {
###     puts $msg 
###   }
### }
### if { [info exists ::env(XILINX_SC_HW_EMU)] } {
###   source $::env(XILINX_VITIS)/system_compiler/examples/sc_hw_emu_pre_xsim.tcl
### }
## puts "We are running simulator for infinite time. Added some default signals in the waveform. You can pause simulation and add signals and then resume the simulaion again."
We are running simulator for infinite time. Added some default signals in the waveform. You can pause simulation and add signals and then resume the simulaion again.
## puts ""

## puts "Stopping at breakpoint in simulator also stops the host code execution"
Stopping at breakpoint in simulator also stops the host code execution
## puts ""

## if { [info exists ::env(VITIS_LAUNCH_WAVEFORM_GUI) ] } {
##   run 1ns
## } else {
##   run all
## }
-> v30 setup
slot_size=0x1000
num_slots=16
num_slot_masks=1
num_cus=3
num_cu_masks=1
cu_offset=16
cu_base_address=0x0
cq_int_enabled=0
mb_host_int_enabled=0
dataflow_enabled=0
kds_30=0
dmsg=0
echo=0
polling=1
cu interrupt mask : cannot convert
<- setup
-->configure_mb
configure cmd found in slot(0)
features=0x0041
cu(0) addr(0x1c070000) handshake(0x1) encodedaddr(0x1c070001)
-> v30 setup
slot_size=0x200
num_slots=128
num_slot_masks=4
num_cus=1
num_cu_masks=1
cu_offset=16
cu_base_address=0x1c070000
cq_int_enabled=0
mb_host_int_enabled=1
dataflow_enabled=1
kds_30=0
dmsg=0
echo=0
polling=1
cu interrupt mask : cannot convert
<- setup
slot(0) [running -> free]
<--configure_mb

Warning: (W505) object already exists: .pfm_top_wrapper.pfm_top_i.static_region.sim_qdma_0.inst.simulate_single_cycle.region_0x1000000000_0x1fffffffff. Latter declaration will be renamed to .pfm_top_wrapper.pfm_top_i.static_region.sim_qdma_0.inst.simulate_single_cycle.region_0x1000000000_0x1fffffffff_0
In file: sc_object_manager.cpp:161
In process: .pfm_top_wrapper.pfm_top_i.static_region.sim_qdma_0.inst.simulate_single_cycle @ 78719074 ps

Warning: (W505) object already exists: .pfm_top_wrapper.pfm_top_i.static_region.sim_qdma_0.inst.simulate_single_cycle.region_0x2000000000_0x3fffffffff. Latter declaration will be renamed to .pfm_top_wrapper.pfm_top_i.static_region.sim_qdma_0.inst.simulate_single_cycle.region_0x2000000000_0x3fffffffff_0
In file: sc_object_manager.cpp:161
In process: .pfm_top_wrapper.pfm_top_i.static_region.sim_qdma_0.inst.simulate_single_cycle @ 78719074 ps

Warning: (W505) object already exists: .pfm_top_wrapper.pfm_top_i.static_region.sim_qdma_0.inst.simulate_single_cycle.region_0x4000000000_0x7fffffffff. Latter declaration will be renamed to .pfm_top_wrapper.pfm_top_i.static_region.sim_qdma_0.inst.simulate_single_cycle.region_0x4000000000_0x7fffffffff_0
In file: sc_object_manager.cpp:161
In process: .pfm_top_wrapper.pfm_top_i.static_region.sim_qdma_0.inst.simulate_single_cycle @ 78719074 ps

Warning: (W505) object already exists: .pfm_top_wrapper.pfm_top_i.static_region.sim_qdma_0.inst.simulate_single_cycle.region_0x8000000000_0xffffffffff. Latter declaration will be renamed to .pfm_top_wrapper.pfm_top_i.static_region.sim_qdma_0.inst.simulate_single_cycle.region_0x8000000000_0xffffffffff_0
In file: sc_object_manager.cpp:161
In process: .pfm_top_wrapper.pfm_top_i.static_region.sim_qdma_0.inst.simulate_single_cycle @ 78719074 ps

Warning: (W505) object already exists: .pfm_top_wrapper.pfm_top_i.static_region.sim_qdma_0.inst.simulate_single_cycle.region_0x10000000000_0x11fffffffff. Latter declaration will be renamed to .pfm_top_wrapper.pfm_top_i.static_region.sim_qdma_0.inst.simulate_single_cycle.region_0x10000000000_0x11fffffffff_0
In file: sc_object_manager.cpp:161
In process: .pfm_top_wrapper.pfm_top_i.static_region.sim_qdma_0.inst.simulate_single_cycle @ 78719074 ps

Warning: (W505) object already exists: .pfm_top_wrapper.pfm_top_i.static_region.sim_qdma_0.inst.simulate_single_cycle.region_0x1000000000_0x1fffffffff. Latter declaration will be renamed to .pfm_top_wrapper.pfm_top_i.static_region.sim_qdma_0.inst.simulate_single_cycle.region_0x1000000000_0x1fffffffff_1
In file: sc_object_manager.cpp:161
In process: .pfm_top_wrapper.pfm_top_i.static_region.sim_qdma_0.inst.simulate_single_cycle @ 78839098 ps

Warning: (W505) object already exists: .pfm_top_wrapper.pfm_top_i.static_region.sim_qdma_0.inst.simulate_single_cycle.region_0x2000000000_0x3fffffffff. Latter declaration will be renamed to .pfm_top_wrapper.pfm_top_i.static_region.sim_qdma_0.inst.simulate_single_cycle.region_0x2000000000_0x3fffffffff_1
In file: sc_object_manager.cpp:161
In process: .pfm_top_wrapper.pfm_top_i.static_region.sim_qdma_0.inst.simulate_single_cycle @ 78839098 ps

Warning: (W505) object already exists: .pfm_top_wrapper.pfm_top_i.static_region.sim_qdma_0.inst.simulate_single_cycle.region_0x4000000000_0x7fffffffff. Latter declaration will be renamed to .pfm_top_wrapper.pfm_top_i.static_region.sim_qdma_0.inst.simulate_single_cycle.region_0x4000000000_0x7fffffffff_1
In file: sc_object_manager.cpp:161
In process: .pfm_top_wrapper.pfm_top_i.static_region.sim_qdma_0.inst.simulate_single_cycle @ 78839098 ps

Warning: (W505) object already exists: .pfm_top_wrapper.pfm_top_i.static_region.sim_qdma_0.inst.simulate_single_cycle.region_0x8000000000_0xffffffffff. Latter declaration will be renamed to .pfm_top_wrapper.pfm_top_i.static_region.sim_qdma_0.inst.simulate_single_cycle.region_0x8000000000_0xffffffffff_1
In file: sc_object_manager.cpp:161
In process: .pfm_top_wrapper.pfm_top_i.static_region.sim_qdma_0.inst.simulate_single_cycle @ 78839098 ps

Warning: (W505) object already exists: .pfm_top_wrapper.pfm_top_i.static_region.sim_qdma_0.inst.simulate_single_cycle.region_0x10000000000_0x11fffffffff. Latter declaration will be renamed to .pfm_top_wrapper.pfm_top_i.static_region.sim_qdma_0.inst.simulate_single_cycle.region_0x10000000000_0x11fffffffff_1
In file: sc_object_manager.cpp:161
In process: .pfm_top_wrapper.pfm_top_i.static_region.sim_qdma_0.inst.simulate_single_cycle @ 78839098 ps
$stop called at time : 177717204 ps
run: Time (s): cpu = 00:00:08 ; elapsed = 00:00:31 . Memory (MB): peak = 1873.754 ; gain = 0.000 ; free physical = 3294 ; free virtual = 8648
## if { [file exists post_sim_tool_scripts.tcl] } {
##   source post_sim_tool_scripts.tcl
## }
### if { [file exists profile.tcl] } {
###   if { [catch {source -notrace profile.tcl } msg] } {
###     puts $msg
###   }
### }
Waiting for protocol analyzers to complete...
Done!
Unable to find signal: /pfm_top_wrapper/pfm_top_i/pfm_dynamic_inst/vadd_1/inst//grp_vadd_Pipeline_VITIS_LOOP_41_1_fu_340/grp_vadd_Pipeline_VITIS_LOOP_41_1_fu_340.dataflowTxWaveData.OutStanding
Unable to find signal: /pfm_top_wrapper/pfm_top_i/pfm_dynamic_inst/vadd_1/inst//grp_vadd_Pipeline_VITIS_LOOP_41_1_fu_340/grp_vadd_Pipeline_VITIS_LOOP_41_1_fu_340.iterationsWave_0
Unable to find signal: /pfm_top_wrapper/pfm_top_i/pfm_dynamic_inst/vadd_1/inst//grp_vadd_Pipeline_VITIS_LOOP_41_1_fu_340/grp_vadd_Pipeline_VITIS_LOOP_41_1_fu_340.iterationsWave_1
Unable to find signal: /pfm_top_wrapper/pfm_top_i/pfm_dynamic_inst/vadd_1/inst//grp_vadd_Pipeline_VITIS_LOOP_41_1_fu_340/grp_vadd_Pipeline_VITIS_LOOP_41_1_fu_340.iterationsWave_2
Unable to find signal: /pfm_top_wrapper/pfm_top_i/pfm_dynamic_inst/vadd_1/inst//grp_vadd_Pipeline_VITIS_LOOP_41_1_fu_340/grp_vadd_Pipeline_VITIS_LOOP_41_1_fu_340.iterationsWave_3
Unable to find signal: /pfm_top_wrapper/pfm_top_i/pfm_dynamic_inst/vadd_1/inst//grp_vadd_Pipeline_VITIS_LOOP_41_1_fu_340/grp_vadd_Pipeline_VITIS_LOOP_41_1_fu_340.iterationsWave_4
Unable to find signal: /pfm_top_wrapper/pfm_top_i/pfm_dynamic_inst/vadd_1/inst//grp_vadd_Pipeline_VITIS_LOOP_41_1_fu_340/grp_vadd_Pipeline_VITIS_LOOP_41_1_fu_340.iterationsWave_5
Unable to find signal: /pfm_top_wrapper/pfm_top_i/pfm_dynamic_inst/vadd_1/inst//grp_vadd_Pipeline_VITIS_LOOP_41_1_fu_340/grp_vadd_Pipeline_VITIS_LOOP_41_1_fu_340.iterationsWave_6
Unable to find signal: /pfm_top_wrapper/pfm_top_i/pfm_dynamic_inst/vadd_1/inst//grp_vadd_Pipeline_VITIS_LOOP_41_1_fu_340/grp_vadd_Pipeline_VITIS_LOOP_41_1_fu_340.iterationsWave_7
Unable to find signal: /pfm_top_wrapper/pfm_top_i/pfm_dynamic_inst/vadd_1/inst//grp_vadd_Pipeline_VITIS_LOOP_41_1_fu_340/grp_vadd_Pipeline_VITIS_LOOP_41_1_fu_340.iterationsWave_8
Unable to find signal: /pfm_top_wrapper/pfm_top_i/pfm_dynamic_inst/vadd_1/inst//grp_vadd_Pipeline_VITIS_LOOP_41_1_fu_340/grp_vadd_Pipeline_VITIS_LOOP_41_1_fu_340.iterationsWave_9
Unable to find signal: /pfm_top_wrapper/pfm_top_i/pfm_dynamic_inst/vadd_1/inst//grp_vadd_Pipeline_VITIS_LOOP_41_1_fu_340/grp_vadd_Pipeline_VITIS_LOOP_41_1_fu_340.iterationsWave_10
Unable to find signal: /pfm_top_wrapper/pfm_top_i/pfm_dynamic_inst/vadd_1/inst//grp_vadd_Pipeline_VITIS_LOOP_41_1_fu_340/grp_vadd_Pipeline_VITIS_LOOP_41_1_fu_340.iterationsWave_11
Unable to find signal: /pfm_top_wrapper/pfm_top_i/pfm_dynamic_inst/vadd_1/inst//grp_vadd_Pipeline_VITIS_LOOP_41_1_fu_340/grp_vadd_Pipeline_VITIS_LOOP_41_1_fu_340.iterationsWave_12
Unable to find signal: /pfm_top_wrapper/pfm_top_i/pfm_dynamic_inst/vadd_1/inst//grp_vadd_Pipeline_VITIS_LOOP_41_1_fu_340/grp_vadd_Pipeline_VITIS_LOOP_41_1_fu_340.iterationsWave_13
Unable to find signal: /pfm_top_wrapper/pfm_top_i/pfm_dynamic_inst/vadd_1/inst//grp_vadd_Pipeline_VITIS_LOOP_41_1_fu_340/grp_vadd_Pipeline_VITIS_LOOP_41_1_fu_340.iterationsWave_14
Unable to find signal: /pfm_top_wrapper/pfm_top_i/pfm_dynamic_inst/vadd_1/inst//grp_vadd_Pipeline_VITIS_LOOP_41_1_fu_340/grp_vadd_Pipeline_VITIS_LOOP_41_1_fu_340.iterationsWave_15
Unable to find signal: /pfm_top_wrapper/pfm_top_i/pfm_dynamic_inst/vadd_1/inst//grp_vadd_Pipeline_VITIS_LOOP_41_1_fu_340/grp_vadd_Pipeline_VITIS_LOOP_41_1_fu_340.iterationsWave_16
Unable to find signal: /pfm_top_wrapper/pfm_top_i/pfm_dynamic_inst/vadd_1/inst//grp_vadd_Pipeline_VITIS_LOOP_41_1_fu_340/grp_vadd_Pipeline_VITIS_LOOP_41_1_fu_340.iterationsWave_17
Unable to find signal: /pfm_top_wrapper/pfm_top_i/pfm_dynamic_inst/vadd_1/inst//grp_vadd_Pipeline_VITIS_LOOP_41_1_fu_340/grp_vadd_Pipeline_VITIS_LOOP_41_1_fu_340.iterationsWave_18
Unable to find signal: /pfm_top_wrapper/pfm_top_i/pfm_dynamic_inst/vadd_1/inst//grp_vadd_Pipeline_VITIS_LOOP_41_1_fu_340/grp_vadd_Pipeline_VITIS_LOOP_41_1_fu_340.iterationsWave_19
Unable to find signal: /pfm_top_wrapper/pfm_top_i/pfm_dynamic_inst/vadd_1/inst//grp_vadd_Pipeline_VITIS_LOOP_41_1_fu_340/grp_vadd_Pipeline_VITIS_LOOP_41_1_fu_340.iterationsWave_20
Unable to find signal: /pfm_top_wrapper/pfm_top_i/pfm_dynamic_inst/vadd_1/inst//grp_vadd_Pipeline_VITIS_LOOP_41_1_fu_340/grp_vadd_Pipeline_VITIS_LOOP_41_1_fu_340.iterationsWave_21
Unable to find signal: /pfm_top_wrapper/pfm_top_i/pfm_dynamic_inst/vadd_1/inst//grp_vadd_Pipeline_VITIS_LOOP_41_1_fu_340/grp_vadd_Pipeline_VITIS_LOOP_41_1_fu_340.iterationsWave_22
Unable to find signal: /pfm_top_wrapper/pfm_top_i/pfm_dynamic_inst/vadd_1/inst//grp_vadd_Pipeline_VITIS_LOOP_41_1_fu_340/grp_vadd_Pipeline_VITIS_LOOP_41_1_fu_340.iterationsWave_23
Unable to find signal: /pfm_top_wrapper/pfm_top_i/pfm_dynamic_inst/vadd_1/inst//grp_vadd_Pipeline_VITIS_LOOP_41_1_fu_340/grp_vadd_Pipeline_VITIS_LOOP_41_1_fu_340.iterationsWave_24
Unable to find signal: /pfm_top_wrapper/pfm_top_i/pfm_dynamic_inst/vadd_1/inst//grp_vadd_Pipeline_VITIS_LOOP_41_1_fu_340/grp_vadd_Pipeline_VITIS_LOOP_41_1_fu_340.iterationsWave_25
Unable to find signal: /pfm_top_wrapper/pfm_top_i/pfm_dynamic_inst/vadd_1/inst//grp_vadd_Pipeline_VITIS_LOOP_41_1_fu_340/grp_vadd_Pipeline_VITIS_LOOP_41_1_fu_340.iterationsWave_26
Unable to find signal: /pfm_top_wrapper/pfm_top_i/pfm_dynamic_inst/vadd_1/inst//grp_vadd_Pipeline_VITIS_LOOP_41_1_fu_340/grp_vadd_Pipeline_VITIS_LOOP_41_1_fu_340.iterationsWave_27
Unable to find signal: /pfm_top_wrapper/pfm_top_i/pfm_dynamic_inst/vadd_1/inst//grp_vadd_Pipeline_VITIS_LOOP_41_1_fu_340/grp_vadd_Pipeline_VITIS_LOOP_41_1_fu_340.iterationsWave_28
Unable to find signal: /pfm_top_wrapper/pfm_top_i/pfm_dynamic_inst/vadd_1/inst//grp_vadd_Pipeline_VITIS_LOOP_41_1_fu_340/grp_vadd_Pipeline_VITIS_LOOP_41_1_fu_340.iterationsWave_29
Unable to find signal: /pfm_top_wrapper/pfm_top_i/pfm_dynamic_inst/vadd_1/inst//grp_vadd_Pipeline_VITIS_LOOP_41_1_fu_340/grp_vadd_Pipeline_VITIS_LOOP_41_1_fu_340.iterationsWave_30
Unable to find signal: /pfm_top_wrapper/pfm_top_i/pfm_dynamic_inst/vadd_1/inst//grp_vadd_Pipeline_VITIS_LOOP_41_1_fu_340/grp_vadd_Pipeline_VITIS_LOOP_41_1_fu_340.iterationsWave_31
Unable to find signal: /pfm_top_wrapper/pfm_top_i/pfm_dynamic_inst/vadd_1/inst//grp_vadd_Pipeline_VITIS_LOOP_41_1_fu_340/grp_vadd_Pipeline_VITIS_LOOP_41_1_fu_340.iterationsWave_32
Unable to find signal: /pfm_top_wrapper/pfm_top_i/pfm_dynamic_inst/vadd_1/inst//grp_vadd_Pipeline_VITIS_LOOP_41_1_fu_340/grp_vadd_Pipeline_VITIS_LOOP_41_1_fu_340.iterationsWave_33
Unable to find signal: /pfm_top_wrapper/pfm_top_i/pfm_dynamic_inst/vadd_1/inst//grp_vadd_Pipeline_VITIS_LOOP_41_1_fu_340/grp_vadd_Pipeline_VITIS_LOOP_41_1_fu_340.iterationsWave_34
Unable to find signal: /pfm_top_wrapper/pfm_top_i/pfm_dynamic_inst/vadd_1/inst//grp_vadd_Pipeline_VITIS_LOOP_41_1_fu_340/grp_vadd_Pipeline_VITIS_LOOP_41_1_fu_340.iterationsWave_35
Unable to find signal: /pfm_top_wrapper/pfm_top_i/pfm_dynamic_inst/vadd_1/inst//grp_vadd_Pipeline_VITIS_LOOP_41_1_fu_340/grp_vadd_Pipeline_VITIS_LOOP_41_1_fu_340.iterationsWave_36
Unable to find signal: /pfm_top_wrapper/pfm_top_i/pfm_dynamic_inst/vadd_1/inst//grp_vadd_Pipeline_VITIS_LOOP_41_1_fu_340/grp_vadd_Pipeline_VITIS_LOOP_41_1_fu_340.iterationsWave_37
Unable to find signal: /pfm_top_wrapper/pfm_top_i/pfm_dynamic_inst/vadd_1/inst//grp_vadd_Pipeline_VITIS_LOOP_41_1_fu_340/grp_vadd_Pipeline_VITIS_LOOP_41_1_fu_340.iterationsWave_38
Unable to find signal: /pfm_top_wrapper/pfm_top_i/pfm_dynamic_inst/vadd_1/inst//grp_vadd_Pipeline_VITIS_LOOP_41_1_fu_340/grp_vadd_Pipeline_VITIS_LOOP_41_1_fu_340.iterationsWave_39
Unable to find signal: /pfm_top_wrapper/pfm_top_i/pfm_dynamic_inst/vadd_1/inst//grp_vadd_Pipeline_VITIS_LOOP_41_1_fu_340/grp_vadd_Pipeline_VITIS_LOOP_41_1_fu_340.iterationsWave_40
Unable to find signal: /pfm_top_wrapper/pfm_top_i/pfm_dynamic_inst/vadd_1/inst//grp_vadd_Pipeline_VITIS_LOOP_41_1_fu_340/grp_vadd_Pipeline_VITIS_LOOP_41_1_fu_340.iterationsWave_41
Unable to find signal: /pfm_top_wrapper/pfm_top_i/pfm_dynamic_inst/vadd_1/inst//grp_vadd_Pipeline_VITIS_LOOP_41_1_fu_340/grp_vadd_Pipeline_VITIS_LOOP_41_1_fu_340.iterationsWave_42
Unable to find signal: /pfm_top_wrapper/pfm_top_i/pfm_dynamic_inst/vadd_1/inst//grp_vadd_Pipeline_VITIS_LOOP_41_1_fu_340/grp_vadd_Pipeline_VITIS_LOOP_41_1_fu_340.iterationsWave_43
Unable to find signal: /pfm_top_wrapper/pfm_top_i/pfm_dynamic_inst/vadd_1/inst//grp_vadd_Pipeline_VITIS_LOOP_41_1_fu_340/grp_vadd_Pipeline_VITIS_LOOP_41_1_fu_340.iterationsWave_44
Unable to find signal: /pfm_top_wrapper/pfm_top_i/pfm_dynamic_inst/vadd_1/inst//grp_vadd_Pipeline_VITIS_LOOP_41_1_fu_340/grp_vadd_Pipeline_VITIS_LOOP_41_1_fu_340.iterationsWave_45
Unable to find signal: /pfm_top_wrapper/pfm_top_i/pfm_dynamic_inst/vadd_1/inst//grp_vadd_Pipeline_VITIS_LOOP_41_1_fu_340/grp_vadd_Pipeline_VITIS_LOOP_41_1_fu_340.iterationsWave_46
Unable to find signal: /pfm_top_wrapper/pfm_top_i/pfm_dynamic_inst/vadd_1/inst//grp_vadd_Pipeline_VITIS_LOOP_41_1_fu_340/grp_vadd_Pipeline_VITIS_LOOP_41_1_fu_340.iterationsWave_47
Unable to find signal: /pfm_top_wrapper/pfm_top_i/pfm_dynamic_inst/vadd_1/inst//grp_vadd_Pipeline_VITIS_LOOP_41_1_fu_340/grp_vadd_Pipeline_VITIS_LOOP_41_1_fu_340.iterationsWave_48
Unable to find signal: /pfm_top_wrapper/pfm_top_i/pfm_dynamic_inst/vadd_1/inst//grp_vadd_Pipeline_VITIS_LOOP_41_1_fu_340/grp_vadd_Pipeline_VITIS_LOOP_41_1_fu_340.iterationsWave_49
Unable to find signal: /pfm_top_wrapper/pfm_top_i/pfm_dynamic_inst/vadd_1/inst//grp_vadd_Pipeline_VITIS_LOOP_41_1_fu_340/grp_vadd_Pipeline_VITIS_LOOP_41_1_fu_340.iterationsWave_50
Unable to find signal: /pfm_top_wrapper/pfm_top_i/pfm_dynamic_inst/vadd_1/inst//grp_vadd_Pipeline_VITIS_LOOP_41_1_fu_340/grp_vadd_Pipeline_VITIS_LOOP_41_1_fu_340.iterationsWave_51
Unable to find signal: /pfm_top_wrapper/pfm_top_i/pfm_dynamic_inst/vadd_1/inst//grp_vadd_Pipeline_VITIS_LOOP_41_1_fu_340/grp_vadd_Pipeline_VITIS_LOOP_41_1_fu_340.iterationsWave_52
Unable to find signal: /pfm_top_wrapper/pfm_top_i/pfm_dynamic_inst/vadd_1/inst//grp_vadd_Pipeline_VITIS_LOOP_41_1_fu_340/grp_vadd_Pipeline_VITIS_LOOP_41_1_fu_340.iterationsWave_53
Unable to find signal: /pfm_top_wrapper/pfm_top_i/pfm_dynamic_inst/vadd_1/inst//grp_vadd_Pipeline_VITIS_LOOP_41_1_fu_340/grp_vadd_Pipeline_VITIS_LOOP_41_1_fu_340.iterationsWave_54
Unable to find signal: /pfm_top_wrapper/pfm_top_i/pfm_dynamic_inst/vadd_1/inst//grp_vadd_Pipeline_VITIS_LOOP_41_1_fu_340/grp_vadd_Pipeline_VITIS_LOOP_41_1_fu_340.iterationsWave_55
Unable to find signal: /pfm_top_wrapper/pfm_top_i/pfm_dynamic_inst/vadd_1/inst//grp_vadd_Pipeline_VITIS_LOOP_41_1_fu_340/grp_vadd_Pipeline_VITIS_LOOP_41_1_fu_340.iterationsWave_56
Unable to find signal: /pfm_top_wrapper/pfm_top_i/pfm_dynamic_inst/vadd_1/inst//grp_vadd_Pipeline_VITIS_LOOP_41_1_fu_340/grp_vadd_Pipeline_VITIS_LOOP_41_1_fu_340.iterationsWave_57
Unable to find signal: /pfm_top_wrapper/pfm_top_i/pfm_dynamic_inst/vadd_1/inst//grp_vadd_Pipeline_VITIS_LOOP_41_1_fu_340/grp_vadd_Pipeline_VITIS_LOOP_41_1_fu_340.iterationsWave_58
Unable to find signal: /pfm_top_wrapper/pfm_top_i/pfm_dynamic_inst/vadd_1/inst//grp_vadd_Pipeline_VITIS_LOOP_41_1_fu_340/grp_vadd_Pipeline_VITIS_LOOP_41_1_fu_340.iterationsWave_59
Unable to find signal: /pfm_top_wrapper/pfm_top_i/pfm_dynamic_inst/vadd_1/inst//grp_vadd_Pipeline_VITIS_LOOP_41_1_fu_340/grp_vadd_Pipeline_VITIS_LOOP_41_1_fu_340.iterationsWave_60
Unable to find signal: /pfm_top_wrapper/pfm_top_i/pfm_dynamic_inst/vadd_1/inst//grp_vadd_Pipeline_VITIS_LOOP_41_1_fu_340/grp_vadd_Pipeline_VITIS_LOOP_41_1_fu_340.iterationsWave_61
Unable to find signal: /pfm_top_wrapper/pfm_top_i/pfm_dynamic_inst/vadd_1/inst//grp_vadd_Pipeline_VITIS_LOOP_41_1_fu_340/grp_vadd_Pipeline_VITIS_LOOP_41_1_fu_340.iterationsWave_62
Unable to find signal: /pfm_top_wrapper/pfm_top_i/pfm_dynamic_inst/vadd_1/inst//grp_vadd_Pipeline_VITIS_LOOP_41_1_fu_340/grp_vadd_Pipeline_VITIS_LOOP_41_1_fu_340.iterationsWave_63
Unable to find signal: /pfm_top_wrapper/pfm_top_i/pfm_dynamic_inst/vadd_1/inst//grp_vadd_Pipeline_VITIS_LOOP_54_3_fu_382/grp_vadd_Pipeline_VITIS_LOOP_54_3_fu_382.dataflowTxWaveData.OutStanding
Unable to find signal: /pfm_top_wrapper/pfm_top_i/pfm_dynamic_inst/vadd_1/inst//grp_vadd_Pipeline_VITIS_LOOP_54_3_fu_382/grp_vadd_Pipeline_VITIS_LOOP_54_3_fu_382.iterationsWave_0
Unable to find signal: /pfm_top_wrapper/pfm_top_i/pfm_dynamic_inst/vadd_1/inst//grp_vadd_Pipeline_VITIS_LOOP_54_3_fu_382/grp_vadd_Pipeline_VITIS_LOOP_54_3_fu_382.iterationsWave_1
Unable to find signal: /pfm_top_wrapper/pfm_top_i/pfm_dynamic_inst/vadd_1/inst//grp_vadd_Pipeline_VITIS_LOOP_54_3_fu_382/grp_vadd_Pipeline_VITIS_LOOP_54_3_fu_382.iterationsWave_2
Unable to find signal: /pfm_top_wrapper/pfm_top_i/pfm_dynamic_inst/vadd_1/inst//grp_vadd_Pipeline_VITIS_LOOP_54_3_fu_382/grp_vadd_Pipeline_VITIS_LOOP_54_3_fu_382.iterationsWave_3
Unable to find signal: /pfm_top_wrapper/pfm_top_i/pfm_dynamic_inst/vadd_1/inst//grp_vadd_Pipeline_VITIS_LOOP_54_3_fu_382/grp_vadd_Pipeline_VITIS_LOOP_54_3_fu_382.iterationsWave_4
Unable to find signal: /pfm_top_wrapper/pfm_top_i/pfm_dynamic_inst/vadd_1/inst//grp_vadd_Pipeline_VITIS_LOOP_54_3_fu_382/grp_vadd_Pipeline_VITIS_LOOP_54_3_fu_382.iterationsWave_5
Unable to find signal: /pfm_top_wrapper/pfm_top_i/pfm_dynamic_inst/vadd_1/inst//grp_vadd_Pipeline_VITIS_LOOP_54_3_fu_382/grp_vadd_Pipeline_VITIS_LOOP_54_3_fu_382.iterationsWave_6
Unable to find signal: /pfm_top_wrapper/pfm_top_i/pfm_dynamic_inst/vadd_1/inst//grp_vadd_Pipeline_VITIS_LOOP_54_3_fu_382/grp_vadd_Pipeline_VITIS_LOOP_54_3_fu_382.iterationsWave_7
Unable to find signal: /pfm_top_wrapper/pfm_top_i/pfm_dynamic_inst/vadd_1/inst//grp_vadd_Pipeline_VITIS_LOOP_54_3_fu_382/grp_vadd_Pipeline_VITIS_LOOP_54_3_fu_382.iterationsWave_8
Unable to find signal: /pfm_top_wrapper/pfm_top_i/pfm_dynamic_inst/vadd_1/inst//grp_vadd_Pipeline_VITIS_LOOP_54_3_fu_382/grp_vadd_Pipeline_VITIS_LOOP_54_3_fu_382.iterationsWave_9
Unable to find signal: /pfm_top_wrapper/pfm_top_i/pfm_dynamic_inst/vadd_1/inst//grp_vadd_Pipeline_VITIS_LOOP_54_3_fu_382/grp_vadd_Pipeline_VITIS_LOOP_54_3_fu_382.iterationsWave_10
Unable to find signal: /pfm_top_wrapper/pfm_top_i/pfm_dynamic_inst/vadd_1/inst//grp_vadd_Pipeline_VITIS_LOOP_54_3_fu_382/grp_vadd_Pipeline_VITIS_LOOP_54_3_fu_382.iterationsWave_11
Unable to find signal: /pfm_top_wrapper/pfm_top_i/pfm_dynamic_inst/vadd_1/inst//grp_vadd_Pipeline_VITIS_LOOP_54_3_fu_382/grp_vadd_Pipeline_VITIS_LOOP_54_3_fu_382.iterationsWave_12
Unable to find signal: /pfm_top_wrapper/pfm_top_i/pfm_dynamic_inst/vadd_1/inst//grp_vadd_Pipeline_VITIS_LOOP_54_3_fu_382/grp_vadd_Pipeline_VITIS_LOOP_54_3_fu_382.iterationsWave_13
Unable to find signal: /pfm_top_wrapper/pfm_top_i/pfm_dynamic_inst/vadd_1/inst//grp_vadd_Pipeline_VITIS_LOOP_54_3_fu_382/grp_vadd_Pipeline_VITIS_LOOP_54_3_fu_382.iterationsWave_14
Unable to find signal: /pfm_top_wrapper/pfm_top_i/pfm_dynamic_inst/vadd_1/inst//grp_vadd_Pipeline_VITIS_LOOP_54_3_fu_382/grp_vadd_Pipeline_VITIS_LOOP_54_3_fu_382.iterationsWave_15
Unable to find signal: /pfm_top_wrapper/pfm_top_i/pfm_dynamic_inst/vadd_1/inst//grp_vadd_Pipeline_VITIS_LOOP_54_3_fu_382/grp_vadd_Pipeline_VITIS_LOOP_54_3_fu_382.iterationsWave_16
Unable to find signal: /pfm_top_wrapper/pfm_top_i/pfm_dynamic_inst/vadd_1/inst//grp_vadd_Pipeline_VITIS_LOOP_54_3_fu_382/grp_vadd_Pipeline_VITIS_LOOP_54_3_fu_382.iterationsWave_17
Unable to find signal: /pfm_top_wrapper/pfm_top_i/pfm_dynamic_inst/vadd_1/inst//grp_vadd_Pipeline_VITIS_LOOP_54_3_fu_382/grp_vadd_Pipeline_VITIS_LOOP_54_3_fu_382.iterationsWave_18
Unable to find signal: /pfm_top_wrapper/pfm_top_i/pfm_dynamic_inst/vadd_1/inst//grp_vadd_Pipeline_VITIS_LOOP_54_3_fu_382/grp_vadd_Pipeline_VITIS_LOOP_54_3_fu_382.iterationsWave_19
Unable to find signal: /pfm_top_wrapper/pfm_top_i/pfm_dynamic_inst/vadd_1/inst//grp_vadd_Pipeline_VITIS_LOOP_54_3_fu_382/grp_vadd_Pipeline_VITIS_LOOP_54_3_fu_382.iterationsWave_20
Unable to find signal: /pfm_top_wrapper/pfm_top_i/pfm_dynamic_inst/vadd_1/inst//grp_vadd_Pipeline_VITIS_LOOP_54_3_fu_382/grp_vadd_Pipeline_VITIS_LOOP_54_3_fu_382.iterationsWave_21
Unable to find signal: /pfm_top_wrapper/pfm_top_i/pfm_dynamic_inst/vadd_1/inst//grp_vadd_Pipeline_VITIS_LOOP_54_3_fu_382/grp_vadd_Pipeline_VITIS_LOOP_54_3_fu_382.iterationsWave_22
Unable to find signal: /pfm_top_wrapper/pfm_top_i/pfm_dynamic_inst/vadd_1/inst//grp_vadd_Pipeline_VITIS_LOOP_54_3_fu_382/grp_vadd_Pipeline_VITIS_LOOP_54_3_fu_382.iterationsWave_23
Unable to find signal: /pfm_top_wrapper/pfm_top_i/pfm_dynamic_inst/vadd_1/inst//grp_vadd_Pipeline_VITIS_LOOP_54_3_fu_382/grp_vadd_Pipeline_VITIS_LOOP_54_3_fu_382.iterationsWave_24
Unable to find signal: /pfm_top_wrapper/pfm_top_i/pfm_dynamic_inst/vadd_1/inst//grp_vadd_Pipeline_VITIS_LOOP_54_3_fu_382/grp_vadd_Pipeline_VITIS_LOOP_54_3_fu_382.iterationsWave_25
Unable to find signal: /pfm_top_wrapper/pfm_top_i/pfm_dynamic_inst/vadd_1/inst//grp_vadd_Pipeline_VITIS_LOOP_54_3_fu_382/grp_vadd_Pipeline_VITIS_LOOP_54_3_fu_382.iterationsWave_26
Unable to find signal: /pfm_top_wrapper/pfm_top_i/pfm_dynamic_inst/vadd_1/inst//grp_vadd_Pipeline_VITIS_LOOP_54_3_fu_382/grp_vadd_Pipeline_VITIS_LOOP_54_3_fu_382.iterationsWave_27
Unable to find signal: /pfm_top_wrapper/pfm_top_i/pfm_dynamic_inst/vadd_1/inst//grp_vadd_Pipeline_VITIS_LOOP_54_3_fu_382/grp_vadd_Pipeline_VITIS_LOOP_54_3_fu_382.iterationsWave_28
Unable to find signal: /pfm_top_wrapper/pfm_top_i/pfm_dynamic_inst/vadd_1/inst//grp_vadd_Pipeline_VITIS_LOOP_54_3_fu_382/grp_vadd_Pipeline_VITIS_LOOP_54_3_fu_382.iterationsWave_29
Unable to find signal: /pfm_top_wrapper/pfm_top_i/pfm_dynamic_inst/vadd_1/inst//grp_vadd_Pipeline_VITIS_LOOP_54_3_fu_382/grp_vadd_Pipeline_VITIS_LOOP_54_3_fu_382.iterationsWave_30
Unable to find signal: /pfm_top_wrapper/pfm_top_i/pfm_dynamic_inst/vadd_1/inst//grp_vadd_Pipeline_VITIS_LOOP_54_3_fu_382/grp_vadd_Pipeline_VITIS_LOOP_54_3_fu_382.iterationsWave_31
Unable to find signal: /pfm_top_wrapper/pfm_top_i/pfm_dynamic_inst/vadd_1/inst//grp_vadd_Pipeline_VITIS_LOOP_54_3_fu_382/grp_vadd_Pipeline_VITIS_LOOP_54_3_fu_382.iterationsWave_32
Unable to find signal: /pfm_top_wrapper/pfm_top_i/pfm_dynamic_inst/vadd_1/inst//grp_vadd_Pipeline_VITIS_LOOP_54_3_fu_382/grp_vadd_Pipeline_VITIS_LOOP_54_3_fu_382.iterationsWave_33
Unable to find signal: /pfm_top_wrapper/pfm_top_i/pfm_dynamic_inst/vadd_1/inst//grp_vadd_Pipeline_VITIS_LOOP_54_3_fu_382/grp_vadd_Pipeline_VITIS_LOOP_54_3_fu_382.iterationsWave_34
Unable to find signal: /pfm_top_wrapper/pfm_top_i/pfm_dynamic_inst/vadd_1/inst//grp_vadd_Pipeline_VITIS_LOOP_54_3_fu_382/grp_vadd_Pipeline_VITIS_LOOP_54_3_fu_382.iterationsWave_35
Unable to find signal: /pfm_top_wrapper/pfm_top_i/pfm_dynamic_inst/vadd_1/inst//grp_vadd_Pipeline_VITIS_LOOP_54_3_fu_382/grp_vadd_Pipeline_VITIS_LOOP_54_3_fu_382.iterationsWave_36
Unable to find signal: /pfm_top_wrapper/pfm_top_i/pfm_dynamic_inst/vadd_1/inst//grp_vadd_Pipeline_VITIS_LOOP_54_3_fu_382/grp_vadd_Pipeline_VITIS_LOOP_54_3_fu_382.iterationsWave_37
Unable to find signal: /pfm_top_wrapper/pfm_top_i/pfm_dynamic_inst/vadd_1/inst//grp_vadd_Pipeline_VITIS_LOOP_54_3_fu_382/grp_vadd_Pipeline_VITIS_LOOP_54_3_fu_382.iterationsWave_38
Unable to find signal: /pfm_top_wrapper/pfm_top_i/pfm_dynamic_inst/vadd_1/inst//grp_vadd_Pipeline_VITIS_LOOP_54_3_fu_382/grp_vadd_Pipeline_VITIS_LOOP_54_3_fu_382.iterationsWave_39
Unable to find signal: /pfm_top_wrapper/pfm_top_i/pfm_dynamic_inst/vadd_1/inst//grp_vadd_Pipeline_VITIS_LOOP_54_3_fu_382/grp_vadd_Pipeline_VITIS_LOOP_54_3_fu_382.iterationsWave_40
Unable to find signal: /pfm_top_wrapper/pfm_top_i/pfm_dynamic_inst/vadd_1/inst//grp_vadd_Pipeline_VITIS_LOOP_54_3_fu_382/grp_vadd_Pipeline_VITIS_LOOP_54_3_fu_382.iterationsWave_41
Unable to find signal: /pfm_top_wrapper/pfm_top_i/pfm_dynamic_inst/vadd_1/inst//grp_vadd_Pipeline_VITIS_LOOP_54_3_fu_382/grp_vadd_Pipeline_VITIS_LOOP_54_3_fu_382.iterationsWave_42
Unable to find signal: /pfm_top_wrapper/pfm_top_i/pfm_dynamic_inst/vadd_1/inst//grp_vadd_Pipeline_VITIS_LOOP_54_3_fu_382/grp_vadd_Pipeline_VITIS_LOOP_54_3_fu_382.iterationsWave_43
Unable to find signal: /pfm_top_wrapper/pfm_top_i/pfm_dynamic_inst/vadd_1/inst//grp_vadd_Pipeline_VITIS_LOOP_54_3_fu_382/grp_vadd_Pipeline_VITIS_LOOP_54_3_fu_382.iterationsWave_44
Unable to find signal: /pfm_top_wrapper/pfm_top_i/pfm_dynamic_inst/vadd_1/inst//grp_vadd_Pipeline_VITIS_LOOP_54_3_fu_382/grp_vadd_Pipeline_VITIS_LOOP_54_3_fu_382.iterationsWave_45
Unable to find signal: /pfm_top_wrapper/pfm_top_i/pfm_dynamic_inst/vadd_1/inst//grp_vadd_Pipeline_VITIS_LOOP_54_3_fu_382/grp_vadd_Pipeline_VITIS_LOOP_54_3_fu_382.iterationsWave_46
Unable to find signal: /pfm_top_wrapper/pfm_top_i/pfm_dynamic_inst/vadd_1/inst//grp_vadd_Pipeline_VITIS_LOOP_54_3_fu_382/grp_vadd_Pipeline_VITIS_LOOP_54_3_fu_382.iterationsWave_47
Unable to find signal: /pfm_top_wrapper/pfm_top_i/pfm_dynamic_inst/vadd_1/inst//grp_vadd_Pipeline_VITIS_LOOP_54_3_fu_382/grp_vadd_Pipeline_VITIS_LOOP_54_3_fu_382.iterationsWave_48
Unable to find signal: /pfm_top_wrapper/pfm_top_i/pfm_dynamic_inst/vadd_1/inst//grp_vadd_Pipeline_VITIS_LOOP_54_3_fu_382/grp_vadd_Pipeline_VITIS_LOOP_54_3_fu_382.iterationsWave_49
Unable to find signal: /pfm_top_wrapper/pfm_top_i/pfm_dynamic_inst/vadd_1/inst//grp_vadd_Pipeline_VITIS_LOOP_54_3_fu_382/grp_vadd_Pipeline_VITIS_LOOP_54_3_fu_382.iterationsWave_50
Unable to find signal: /pfm_top_wrapper/pfm_top_i/pfm_dynamic_inst/vadd_1/inst//grp_vadd_Pipeline_VITIS_LOOP_54_3_fu_382/grp_vadd_Pipeline_VITIS_LOOP_54_3_fu_382.iterationsWave_51
Unable to find signal: /pfm_top_wrapper/pfm_top_i/pfm_dynamic_inst/vadd_1/inst//grp_vadd_Pipeline_VITIS_LOOP_54_3_fu_382/grp_vadd_Pipeline_VITIS_LOOP_54_3_fu_382.iterationsWave_52
Unable to find signal: /pfm_top_wrapper/pfm_top_i/pfm_dynamic_inst/vadd_1/inst//grp_vadd_Pipeline_VITIS_LOOP_54_3_fu_382/grp_vadd_Pipeline_VITIS_LOOP_54_3_fu_382.iterationsWave_53
Unable to find signal: /pfm_top_wrapper/pfm_top_i/pfm_dynamic_inst/vadd_1/inst//grp_vadd_Pipeline_VITIS_LOOP_54_3_fu_382/grp_vadd_Pipeline_VITIS_LOOP_54_3_fu_382.iterationsWave_54
Unable to find signal: /pfm_top_wrapper/pfm_top_i/pfm_dynamic_inst/vadd_1/inst//grp_vadd_Pipeline_VITIS_LOOP_54_3_fu_382/grp_vadd_Pipeline_VITIS_LOOP_54_3_fu_382.iterationsWave_55
Unable to find signal: /pfm_top_wrapper/pfm_top_i/pfm_dynamic_inst/vadd_1/inst//grp_vadd_Pipeline_VITIS_LOOP_54_3_fu_382/grp_vadd_Pipeline_VITIS_LOOP_54_3_fu_382.iterationsWave_56
Unable to find signal: /pfm_top_wrapper/pfm_top_i/pfm_dynamic_inst/vadd_1/inst//grp_vadd_Pipeline_VITIS_LOOP_54_3_fu_382/grp_vadd_Pipeline_VITIS_LOOP_54_3_fu_382.iterationsWave_57
Unable to find signal: /pfm_top_wrapper/pfm_top_i/pfm_dynamic_inst/vadd_1/inst//grp_vadd_Pipeline_VITIS_LOOP_54_3_fu_382/grp_vadd_Pipeline_VITIS_LOOP_54_3_fu_382.iterationsWave_58
Unable to find signal: /pfm_top_wrapper/pfm_top_i/pfm_dynamic_inst/vadd_1/inst//grp_vadd_Pipeline_VITIS_LOOP_54_3_fu_382/grp_vadd_Pipeline_VITIS_LOOP_54_3_fu_382.iterationsWave_59
Unable to find signal: /pfm_top_wrapper/pfm_top_i/pfm_dynamic_inst/vadd_1/inst//grp_vadd_Pipeline_VITIS_LOOP_54_3_fu_382/grp_vadd_Pipeline_VITIS_LOOP_54_3_fu_382.iterationsWave_60
Unable to find signal: /pfm_top_wrapper/pfm_top_i/pfm_dynamic_inst/vadd_1/inst//grp_vadd_Pipeline_VITIS_LOOP_54_3_fu_382/grp_vadd_Pipeline_VITIS_LOOP_54_3_fu_382.iterationsWave_61
Unable to find signal: /pfm_top_wrapper/pfm_top_i/pfm_dynamic_inst/vadd_1/inst//grp_vadd_Pipeline_VITIS_LOOP_54_3_fu_382/grp_vadd_Pipeline_VITIS_LOOP_54_3_fu_382.iterationsWave_62
Unable to find signal: /pfm_top_wrapper/pfm_top_i/pfm_dynamic_inst/vadd_1/inst//grp_vadd_Pipeline_VITIS_LOOP_54_3_fu_382/grp_vadd_Pipeline_VITIS_LOOP_54_3_fu_382.iterationsWave_63
Unable to find signal: /pfm_top_wrapper/pfm_top_i/pfm_dynamic_inst/vadd_1/inst//grp_vadd_Pipeline_VITIS_LOOP_80_5_VITIS_LOOP_85_6_fu_407/grp_vadd_Pipeline_VITIS_LOOP_80_5_VITIS_LOOP_85_6_fu_407.dataflowTxWaveData.OutStanding
Unable to find signal: /pfm_top_wrapper/pfm_top_i/pfm_dynamic_inst/vadd_1/inst//grp_vadd_Pipeline_VITIS_LOOP_80_5_VITIS_LOOP_85_6_fu_407/grp_vadd_Pipeline_VITIS_LOOP_80_5_VITIS_LOOP_85_6_fu_407.iterationsWave_0
Unable to find signal: /pfm_top_wrapper/pfm_top_i/pfm_dynamic_inst/vadd_1/inst//grp_vadd_Pipeline_VITIS_LOOP_80_5_VITIS_LOOP_85_6_fu_407/grp_vadd_Pipeline_VITIS_LOOP_80_5_VITIS_LOOP_85_6_fu_407.iterationsWave_1
Unable to find signal: /pfm_top_wrapper/pfm_top_i/pfm_dynamic_inst/vadd_1/inst//grp_vadd_Pipeline_VITIS_LOOP_80_5_VITIS_LOOP_85_6_fu_407/grp_vadd_Pipeline_VITIS_LOOP_80_5_VITIS_LOOP_85_6_fu_407.iterationsWave_2
Unable to find signal: /pfm_top_wrapper/pfm_top_i/pfm_dynamic_inst/vadd_1/inst//grp_vadd_Pipeline_VITIS_LOOP_80_5_VITIS_LOOP_85_6_fu_407/grp_vadd_Pipeline_VITIS_LOOP_80_5_VITIS_LOOP_85_6_fu_407.iterationsWave_3
Unable to find signal: /pfm_top_wrapper/pfm_top_i/pfm_dynamic_inst/vadd_1/inst//grp_vadd_Pipeline_VITIS_LOOP_80_5_VITIS_LOOP_85_6_fu_407/grp_vadd_Pipeline_VITIS_LOOP_80_5_VITIS_LOOP_85_6_fu_407.iterationsWave_4
Unable to find signal: /pfm_top_wrapper/pfm_top_i/pfm_dynamic_inst/vadd_1/inst//grp_vadd_Pipeline_VITIS_LOOP_80_5_VITIS_LOOP_85_6_fu_407/grp_vadd_Pipeline_VITIS_LOOP_80_5_VITIS_LOOP_85_6_fu_407.iterationsWave_5
Unable to find signal: /pfm_top_wrapper/pfm_top_i/pfm_dynamic_inst/vadd_1/inst//grp_vadd_Pipeline_VITIS_LOOP_80_5_VITIS_LOOP_85_6_fu_407/grp_vadd_Pipeline_VITIS_LOOP_80_5_VITIS_LOOP_85_6_fu_407.iterationsWave_6
Unable to find signal: /pfm_top_wrapper/pfm_top_i/pfm_dynamic_inst/vadd_1/inst//grp_vadd_Pipeline_VITIS_LOOP_80_5_VITIS_LOOP_85_6_fu_407/grp_vadd_Pipeline_VITIS_LOOP_80_5_VITIS_LOOP_85_6_fu_407.iterationsWave_7
Unable to find signal: /pfm_top_wrapper/pfm_top_i/pfm_dynamic_inst/vadd_1/inst//grp_vadd_Pipeline_VITIS_LOOP_80_5_VITIS_LOOP_85_6_fu_407/grp_vadd_Pipeline_VITIS_LOOP_80_5_VITIS_LOOP_85_6_fu_407.iterationsWave_8
Unable to find signal: /pfm_top_wrapper/pfm_top_i/pfm_dynamic_inst/vadd_1/inst//grp_vadd_Pipeline_VITIS_LOOP_80_5_VITIS_LOOP_85_6_fu_407/grp_vadd_Pipeline_VITIS_LOOP_80_5_VITIS_LOOP_85_6_fu_407.iterationsWave_9
Unable to find signal: /pfm_top_wrapper/pfm_top_i/pfm_dynamic_inst/vadd_1/inst//grp_vadd_Pipeline_VITIS_LOOP_80_5_VITIS_LOOP_85_6_fu_407/grp_vadd_Pipeline_VITIS_LOOP_80_5_VITIS_LOOP_85_6_fu_407.iterationsWave_10
Unable to find signal: /pfm_top_wrapper/pfm_top_i/pfm_dynamic_inst/vadd_1/inst//grp_vadd_Pipeline_VITIS_LOOP_80_5_VITIS_LOOP_85_6_fu_407/grp_vadd_Pipeline_VITIS_LOOP_80_5_VITIS_LOOP_85_6_fu_407.iterationsWave_11
Unable to find signal: /pfm_top_wrapper/pfm_top_i/pfm_dynamic_inst/vadd_1/inst//grp_vadd_Pipeline_VITIS_LOOP_80_5_VITIS_LOOP_85_6_fu_407/grp_vadd_Pipeline_VITIS_LOOP_80_5_VITIS_LOOP_85_6_fu_407.iterationsWave_12
Unable to find signal: /pfm_top_wrapper/pfm_top_i/pfm_dynamic_inst/vadd_1/inst//grp_vadd_Pipeline_VITIS_LOOP_80_5_VITIS_LOOP_85_6_fu_407/grp_vadd_Pipeline_VITIS_LOOP_80_5_VITIS_LOOP_85_6_fu_407.iterationsWave_13
Unable to find signal: /pfm_top_wrapper/pfm_top_i/pfm_dynamic_inst/vadd_1/inst//grp_vadd_Pipeline_VITIS_LOOP_80_5_VITIS_LOOP_85_6_fu_407/grp_vadd_Pipeline_VITIS_LOOP_80_5_VITIS_LOOP_85_6_fu_407.iterationsWave_14
Unable to find signal: /pfm_top_wrapper/pfm_top_i/pfm_dynamic_inst/vadd_1/inst//grp_vadd_Pipeline_VITIS_LOOP_80_5_VITIS_LOOP_85_6_fu_407/grp_vadd_Pipeline_VITIS_LOOP_80_5_VITIS_LOOP_85_6_fu_407.iterationsWave_15
Unable to find signal: /pfm_top_wrapper/pfm_top_i/pfm_dynamic_inst/vadd_1/inst//grp_vadd_Pipeline_VITIS_LOOP_80_5_VITIS_LOOP_85_6_fu_407/grp_vadd_Pipeline_VITIS_LOOP_80_5_VITIS_LOOP_85_6_fu_407.iterationsWave_16
Unable to find signal: /pfm_top_wrapper/pfm_top_i/pfm_dynamic_inst/vadd_1/inst//grp_vadd_Pipeline_VITIS_LOOP_80_5_VITIS_LOOP_85_6_fu_407/grp_vadd_Pipeline_VITIS_LOOP_80_5_VITIS_LOOP_85_6_fu_407.iterationsWave_17
Unable to find signal: /pfm_top_wrapper/pfm_top_i/pfm_dynamic_inst/vadd_1/inst//grp_vadd_Pipeline_VITIS_LOOP_80_5_VITIS_LOOP_85_6_fu_407/grp_vadd_Pipeline_VITIS_LOOP_80_5_VITIS_LOOP_85_6_fu_407.iterationsWave_18
Unable to find signal: /pfm_top_wrapper/pfm_top_i/pfm_dynamic_inst/vadd_1/inst//grp_vadd_Pipeline_VITIS_LOOP_80_5_VITIS_LOOP_85_6_fu_407/grp_vadd_Pipeline_VITIS_LOOP_80_5_VITIS_LOOP_85_6_fu_407.iterationsWave_19
Unable to find signal: /pfm_top_wrapper/pfm_top_i/pfm_dynamic_inst/vadd_1/inst//grp_vadd_Pipeline_VITIS_LOOP_80_5_VITIS_LOOP_85_6_fu_407/grp_vadd_Pipeline_VITIS_LOOP_80_5_VITIS_LOOP_85_6_fu_407.iterationsWave_20
Unable to find signal: /pfm_top_wrapper/pfm_top_i/pfm_dynamic_inst/vadd_1/inst//grp_vadd_Pipeline_VITIS_LOOP_80_5_VITIS_LOOP_85_6_fu_407/grp_vadd_Pipeline_VITIS_LOOP_80_5_VITIS_LOOP_85_6_fu_407.iterationsWave_21
Unable to find signal: /pfm_top_wrapper/pfm_top_i/pfm_dynamic_inst/vadd_1/inst//grp_vadd_Pipeline_VITIS_LOOP_80_5_VITIS_LOOP_85_6_fu_407/grp_vadd_Pipeline_VITIS_LOOP_80_5_VITIS_LOOP_85_6_fu_407.iterationsWave_22
Unable to find signal: /pfm_top_wrapper/pfm_top_i/pfm_dynamic_inst/vadd_1/inst//grp_vadd_Pipeline_VITIS_LOOP_80_5_VITIS_LOOP_85_6_fu_407/grp_vadd_Pipeline_VITIS_LOOP_80_5_VITIS_LOOP_85_6_fu_407.iterationsWave_23
Unable to find signal: /pfm_top_wrapper/pfm_top_i/pfm_dynamic_inst/vadd_1/inst//grp_vadd_Pipeline_VITIS_LOOP_80_5_VITIS_LOOP_85_6_fu_407/grp_vadd_Pipeline_VITIS_LOOP_80_5_VITIS_LOOP_85_6_fu_407.iterationsWave_24
Unable to find signal: /pfm_top_wrapper/pfm_top_i/pfm_dynamic_inst/vadd_1/inst//grp_vadd_Pipeline_VITIS_LOOP_80_5_VITIS_LOOP_85_6_fu_407/grp_vadd_Pipeline_VITIS_LOOP_80_5_VITIS_LOOP_85_6_fu_407.iterationsWave_25
Unable to find signal: /pfm_top_wrapper/pfm_top_i/pfm_dynamic_inst/vadd_1/inst//grp_vadd_Pipeline_VITIS_LOOP_80_5_VITIS_LOOP_85_6_fu_407/grp_vadd_Pipeline_VITIS_LOOP_80_5_VITIS_LOOP_85_6_fu_407.iterationsWave_26
Unable to find signal: /pfm_top_wrapper/pfm_top_i/pfm_dynamic_inst/vadd_1/inst//grp_vadd_Pipeline_VITIS_LOOP_80_5_VITIS_LOOP_85_6_fu_407/grp_vadd_Pipeline_VITIS_LOOP_80_5_VITIS_LOOP_85_6_fu_407.iterationsWave_27
Unable to find signal: /pfm_top_wrapper/pfm_top_i/pfm_dynamic_inst/vadd_1/inst//grp_vadd_Pipeline_VITIS_LOOP_80_5_VITIS_LOOP_85_6_fu_407/grp_vadd_Pipeline_VITIS_LOOP_80_5_VITIS_LOOP_85_6_fu_407.iterationsWave_28
Unable to find signal: /pfm_top_wrapper/pfm_top_i/pfm_dynamic_inst/vadd_1/inst//grp_vadd_Pipeline_VITIS_LOOP_80_5_VITIS_LOOP_85_6_fu_407/grp_vadd_Pipeline_VITIS_LOOP_80_5_VITIS_LOOP_85_6_fu_407.iterationsWave_29
Unable to find signal: /pfm_top_wrapper/pfm_top_i/pfm_dynamic_inst/vadd_1/inst//grp_vadd_Pipeline_VITIS_LOOP_80_5_VITIS_LOOP_85_6_fu_407/grp_vadd_Pipeline_VITIS_LOOP_80_5_VITIS_LOOP_85_6_fu_407.iterationsWave_30
Unable to find signal: /pfm_top_wrapper/pfm_top_i/pfm_dynamic_inst/vadd_1/inst//grp_vadd_Pipeline_VITIS_LOOP_80_5_VITIS_LOOP_85_6_fu_407/grp_vadd_Pipeline_VITIS_LOOP_80_5_VITIS_LOOP_85_6_fu_407.iterationsWave_31
Unable to find signal: /pfm_top_wrapper/pfm_top_i/pfm_dynamic_inst/vadd_1/inst//grp_vadd_Pipeline_VITIS_LOOP_80_5_VITIS_LOOP_85_6_fu_407/grp_vadd_Pipeline_VITIS_LOOP_80_5_VITIS_LOOP_85_6_fu_407.iterationsWave_32
Unable to find signal: /pfm_top_wrapper/pfm_top_i/pfm_dynamic_inst/vadd_1/inst//grp_vadd_Pipeline_VITIS_LOOP_80_5_VITIS_LOOP_85_6_fu_407/grp_vadd_Pipeline_VITIS_LOOP_80_5_VITIS_LOOP_85_6_fu_407.iterationsWave_33
Unable to find signal: /pfm_top_wrapper/pfm_top_i/pfm_dynamic_inst/vadd_1/inst//grp_vadd_Pipeline_VITIS_LOOP_80_5_VITIS_LOOP_85_6_fu_407/grp_vadd_Pipeline_VITIS_LOOP_80_5_VITIS_LOOP_85_6_fu_407.iterationsWave_34
Unable to find signal: /pfm_top_wrapper/pfm_top_i/pfm_dynamic_inst/vadd_1/inst//grp_vadd_Pipeline_VITIS_LOOP_80_5_VITIS_LOOP_85_6_fu_407/grp_vadd_Pipeline_VITIS_LOOP_80_5_VITIS_LOOP_85_6_fu_407.iterationsWave_35
Unable to find signal: /pfm_top_wrapper/pfm_top_i/pfm_dynamic_inst/vadd_1/inst//grp_vadd_Pipeline_VITIS_LOOP_80_5_VITIS_LOOP_85_6_fu_407/grp_vadd_Pipeline_VITIS_LOOP_80_5_VITIS_LOOP_85_6_fu_407.iterationsWave_36
Unable to find signal: /pfm_top_wrapper/pfm_top_i/pfm_dynamic_inst/vadd_1/inst//grp_vadd_Pipeline_VITIS_LOOP_80_5_VITIS_LOOP_85_6_fu_407/grp_vadd_Pipeline_VITIS_LOOP_80_5_VITIS_LOOP_85_6_fu_407.iterationsWave_37
Unable to find signal: /pfm_top_wrapper/pfm_top_i/pfm_dynamic_inst/vadd_1/inst//grp_vadd_Pipeline_VITIS_LOOP_80_5_VITIS_LOOP_85_6_fu_407/grp_vadd_Pipeline_VITIS_LOOP_80_5_VITIS_LOOP_85_6_fu_407.iterationsWave_38
Unable to find signal: /pfm_top_wrapper/pfm_top_i/pfm_dynamic_inst/vadd_1/inst//grp_vadd_Pipeline_VITIS_LOOP_80_5_VITIS_LOOP_85_6_fu_407/grp_vadd_Pipeline_VITIS_LOOP_80_5_VITIS_LOOP_85_6_fu_407.iterationsWave_39
Unable to find signal: /pfm_top_wrapper/pfm_top_i/pfm_dynamic_inst/vadd_1/inst//grp_vadd_Pipeline_VITIS_LOOP_80_5_VITIS_LOOP_85_6_fu_407/grp_vadd_Pipeline_VITIS_LOOP_80_5_VITIS_LOOP_85_6_fu_407.iterationsWave_40
Unable to find signal: /pfm_top_wrapper/pfm_top_i/pfm_dynamic_inst/vadd_1/inst//grp_vadd_Pipeline_VITIS_LOOP_80_5_VITIS_LOOP_85_6_fu_407/grp_vadd_Pipeline_VITIS_LOOP_80_5_VITIS_LOOP_85_6_fu_407.iterationsWave_41
Unable to find signal: /pfm_top_wrapper/pfm_top_i/pfm_dynamic_inst/vadd_1/inst//grp_vadd_Pipeline_VITIS_LOOP_80_5_VITIS_LOOP_85_6_fu_407/grp_vadd_Pipeline_VITIS_LOOP_80_5_VITIS_LOOP_85_6_fu_407.iterationsWave_42
Unable to find signal: /pfm_top_wrapper/pfm_top_i/pfm_dynamic_inst/vadd_1/inst//grp_vadd_Pipeline_VITIS_LOOP_80_5_VITIS_LOOP_85_6_fu_407/grp_vadd_Pipeline_VITIS_LOOP_80_5_VITIS_LOOP_85_6_fu_407.iterationsWave_43
Unable to find signal: /pfm_top_wrapper/pfm_top_i/pfm_dynamic_inst/vadd_1/inst//grp_vadd_Pipeline_VITIS_LOOP_80_5_VITIS_LOOP_85_6_fu_407/grp_vadd_Pipeline_VITIS_LOOP_80_5_VITIS_LOOP_85_6_fu_407.iterationsWave_44
Unable to find signal: /pfm_top_wrapper/pfm_top_i/pfm_dynamic_inst/vadd_1/inst//grp_vadd_Pipeline_VITIS_LOOP_80_5_VITIS_LOOP_85_6_fu_407/grp_vadd_Pipeline_VITIS_LOOP_80_5_VITIS_LOOP_85_6_fu_407.iterationsWave_45
Unable to find signal: /pfm_top_wrapper/pfm_top_i/pfm_dynamic_inst/vadd_1/inst//grp_vadd_Pipeline_VITIS_LOOP_80_5_VITIS_LOOP_85_6_fu_407/grp_vadd_Pipeline_VITIS_LOOP_80_5_VITIS_LOOP_85_6_fu_407.iterationsWave_46
Unable to find signal: /pfm_top_wrapper/pfm_top_i/pfm_dynamic_inst/vadd_1/inst//grp_vadd_Pipeline_VITIS_LOOP_80_5_VITIS_LOOP_85_6_fu_407/grp_vadd_Pipeline_VITIS_LOOP_80_5_VITIS_LOOP_85_6_fu_407.iterationsWave_47
Unable to find signal: /pfm_top_wrapper/pfm_top_i/pfm_dynamic_inst/vadd_1/inst//grp_vadd_Pipeline_VITIS_LOOP_80_5_VITIS_LOOP_85_6_fu_407/grp_vadd_Pipeline_VITIS_LOOP_80_5_VITIS_LOOP_85_6_fu_407.iterationsWave_48
Unable to find signal: /pfm_top_wrapper/pfm_top_i/pfm_dynamic_inst/vadd_1/inst//grp_vadd_Pipeline_VITIS_LOOP_80_5_VITIS_LOOP_85_6_fu_407/grp_vadd_Pipeline_VITIS_LOOP_80_5_VITIS_LOOP_85_6_fu_407.iterationsWave_49
Unable to find signal: /pfm_top_wrapper/pfm_top_i/pfm_dynamic_inst/vadd_1/inst//grp_vadd_Pipeline_VITIS_LOOP_80_5_VITIS_LOOP_85_6_fu_407/grp_vadd_Pipeline_VITIS_LOOP_80_5_VITIS_LOOP_85_6_fu_407.iterationsWave_50
Unable to find signal: /pfm_top_wrapper/pfm_top_i/pfm_dynamic_inst/vadd_1/inst//grp_vadd_Pipeline_VITIS_LOOP_80_5_VITIS_LOOP_85_6_fu_407/grp_vadd_Pipeline_VITIS_LOOP_80_5_VITIS_LOOP_85_6_fu_407.iterationsWave_51
Unable to find signal: /pfm_top_wrapper/pfm_top_i/pfm_dynamic_inst/vadd_1/inst//grp_vadd_Pipeline_VITIS_LOOP_80_5_VITIS_LOOP_85_6_fu_407/grp_vadd_Pipeline_VITIS_LOOP_80_5_VITIS_LOOP_85_6_fu_407.iterationsWave_52
Unable to find signal: /pfm_top_wrapper/pfm_top_i/pfm_dynamic_inst/vadd_1/inst//grp_vadd_Pipeline_VITIS_LOOP_80_5_VITIS_LOOP_85_6_fu_407/grp_vadd_Pipeline_VITIS_LOOP_80_5_VITIS_LOOP_85_6_fu_407.iterationsWave_53
Unable to find signal: /pfm_top_wrapper/pfm_top_i/pfm_dynamic_inst/vadd_1/inst//grp_vadd_Pipeline_VITIS_LOOP_80_5_VITIS_LOOP_85_6_fu_407/grp_vadd_Pipeline_VITIS_LOOP_80_5_VITIS_LOOP_85_6_fu_407.iterationsWave_54
Unable to find signal: /pfm_top_wrapper/pfm_top_i/pfm_dynamic_inst/vadd_1/inst//grp_vadd_Pipeline_VITIS_LOOP_80_5_VITIS_LOOP_85_6_fu_407/grp_vadd_Pipeline_VITIS_LOOP_80_5_VITIS_LOOP_85_6_fu_407.iterationsWave_55
Unable to find signal: /pfm_top_wrapper/pfm_top_i/pfm_dynamic_inst/vadd_1/inst//grp_vadd_Pipeline_VITIS_LOOP_80_5_VITIS_LOOP_85_6_fu_407/grp_vadd_Pipeline_VITIS_LOOP_80_5_VITIS_LOOP_85_6_fu_407.iterationsWave_56
Unable to find signal: /pfm_top_wrapper/pfm_top_i/pfm_dynamic_inst/vadd_1/inst//grp_vadd_Pipeline_VITIS_LOOP_80_5_VITIS_LOOP_85_6_fu_407/grp_vadd_Pipeline_VITIS_LOOP_80_5_VITIS_LOOP_85_6_fu_407.iterationsWave_57
Unable to find signal: /pfm_top_wrapper/pfm_top_i/pfm_dynamic_inst/vadd_1/inst//grp_vadd_Pipeline_VITIS_LOOP_80_5_VITIS_LOOP_85_6_fu_407/grp_vadd_Pipeline_VITIS_LOOP_80_5_VITIS_LOOP_85_6_fu_407.iterationsWave_58
Unable to find signal: /pfm_top_wrapper/pfm_top_i/pfm_dynamic_inst/vadd_1/inst//grp_vadd_Pipeline_VITIS_LOOP_80_5_VITIS_LOOP_85_6_fu_407/grp_vadd_Pipeline_VITIS_LOOP_80_5_VITIS_LOOP_85_6_fu_407.iterationsWave_59
Unable to find signal: /pfm_top_wrapper/pfm_top_i/pfm_dynamic_inst/vadd_1/inst//grp_vadd_Pipeline_VITIS_LOOP_80_5_VITIS_LOOP_85_6_fu_407/grp_vadd_Pipeline_VITIS_LOOP_80_5_VITIS_LOOP_85_6_fu_407.iterationsWave_60
Unable to find signal: /pfm_top_wrapper/pfm_top_i/pfm_dynamic_inst/vadd_1/inst//grp_vadd_Pipeline_VITIS_LOOP_80_5_VITIS_LOOP_85_6_fu_407/grp_vadd_Pipeline_VITIS_LOOP_80_5_VITIS_LOOP_85_6_fu_407.iterationsWave_61
Unable to find signal: /pfm_top_wrapper/pfm_top_i/pfm_dynamic_inst/vadd_1/inst//grp_vadd_Pipeline_VITIS_LOOP_80_5_VITIS_LOOP_85_6_fu_407/grp_vadd_Pipeline_VITIS_LOOP_80_5_VITIS_LOOP_85_6_fu_407.iterationsWave_62
Unable to find signal: /pfm_top_wrapper/pfm_top_i/pfm_dynamic_inst/vadd_1/inst//grp_vadd_Pipeline_VITIS_LOOP_80_5_VITIS_LOOP_85_6_fu_407/grp_vadd_Pipeline_VITIS_LOOP_80_5_VITIS_LOOP_85_6_fu_407.iterationsWave_63
### if { [info exists ::env(XILINX_SC_HW_EMU)] } {
###   source $::env(XILINX_VITIS)/system_compiler/examples/sc_hw_emu_post_xsim.tcl
### }
## if { [info exists ::env(VITIS_LAUNCH_WAVEFORM_BATCH) ] } {
##   if { [info exists ::env(USER_POST_SIM_SCRIPT) ] } {
##     if { [catch {source $::env(USER_POST_SIM_SCRIPT)} msg] } {
##       puts $msg
##     }
##   }
##   quit
## }
INFO: xsimkernel Simulation Memory Usage: 393744 KB (Peak: 459280 KB), Simulation CPU Usage: 27260 ms
INFO: [Common 17-206] Exiting xsim at Fri Dec 13 12:38:42 2024...
